2023-03-26 18:59:42 | INFO | __main__:run:222) - {'seed': 1, 'batch': 64, 'epochs': 5, 'channel': 3, 'width': 256, 'height': 256, 'lr': 0.0001, 'decay': 0.01, 'grad_accumulate': 10, 'dropout': 0.2, 'fold': 3, 'experiment': 9, 'aug': False, 'download': False, 'gpu': '7', 'densenet': False, 'resnet': False, 'vgg': True, 'config': 'None', 'model_name': 'vgg', 'model': <class 'lglutide.architectures.vgg.VGG16'>, 'model_params': {'num_features': 3, 'num_classes': 2}}
2023-03-26 18:59:42 | INFO | __main__:train:35) - Device: cuda
2023-03-26 18:59:47 | INFO | __main__:train:39) - Number of model parameters: 165.726018 M
2023-03-26 18:59:47 | INFO | lglutide.make_data:make_annotations:82) - Annotations file already exists!
2023-03-26 18:59:47 | INFO | __main__:train:53) - Training Started ...
2023-03-26 18:59:47 | INFO | __main__:train:60) - Fold: 0
2023-03-26 18:59:47 | INFO | __main__:train:61) - ========
2023-03-26 18:59:47 | INFO | __main__:train:84) - ---Epoch 1/5---
2023-03-26 18:59:54 | INFO | __main__:train:122) - [1, 1] loss: 0.7609254121780396
2023-03-26 19:00:00 | INFO | __main__:train:122) - [1, 2] loss: 0.8913864493370056
2023-03-26 19:00:06 | INFO | __main__:train:122) - [1, 3] loss: 0.7351366281509399
2023-03-26 19:00:12 | INFO | __main__:train:122) - [1, 4] loss: 0.8601365089416504
2023-03-26 19:00:19 | INFO | __main__:train:122) - [1, 5] loss: 0.8288865089416504
2023-03-26 19:00:25 | INFO | __main__:train:122) - [1, 6] loss: 0.7195116281509399
2023-03-26 19:00:31 | INFO | __main__:train:122) - [1, 7] loss: 0.7351366877555847
2023-03-26 19:00:37 | INFO | __main__:train:122) - [1, 8] loss: 0.8132615685462952
2023-03-26 19:00:43 | INFO | __main__:train:122) - [1, 9] loss: 0.7663866281509399
2023-03-26 19:00:49 | INFO | __main__:train:122) - [1, 10] loss: 0.9070115089416504
2023-03-26 19:00:55 | INFO | __main__:train:122) - [1, 11] loss: 0.7663865685462952
2023-03-26 19:01:01 | INFO | __main__:train:122) - [1, 12] loss: 0.7038866281509399
2023-03-26 19:01:07 | INFO | __main__:train:122) - [1, 13] loss: 0.7195116281509399
2023-03-26 19:01:13 | INFO | __main__:train:122) - [1, 14] loss: 0.9070115685462952
2023-03-26 19:01:19 | INFO | __main__:train:122) - [1, 15] loss: 0.8132616281509399
2023-03-26 19:01:24 | INFO | __main__:train:122) - [1, 16] loss: 0.7663866281509399
2023-03-26 19:01:30 | INFO | __main__:train:122) - [1, 17] loss: 0.8132615685462952
2023-03-26 19:01:36 | INFO | __main__:train:122) - [1, 18] loss: 0.7820116281509399
2023-03-26 19:01:37 | INFO | __main__:train:122) - [1, 19] loss: 0.913261890411377
2023-03-26 19:02:24 | INFO | __main__:train:182) - Accuracy PE: 52 %
2023-03-26 19:02:24 | INFO | __main__:train:187) - F1 Score PE: 0.36142635683009366
2023-03-26 19:02:24 | INFO | __main__:train:84) - ---Epoch 2/5---
2023-03-26 19:02:30 | INFO | __main__:train:122) - [2, 1] loss: 0.7507615685462952
2023-03-26 19:02:36 | INFO | __main__:train:122) - [2, 2] loss: 0.6570117473602295
2023-03-26 19:02:42 | INFO | __main__:train:122) - [2, 3] loss: 0.7820115089416504
2023-03-26 19:02:48 | INFO | __main__:train:122) - [2, 4] loss: 0.7351366281509399
2023-03-26 19:02:54 | INFO | __main__:train:122) - [2, 5] loss: 0.7820116281509399
2023-03-26 19:03:00 | INFO | __main__:train:122) - [2, 6] loss: 0.8288865089416504
2023-03-26 19:03:06 | INFO | __main__:train:122) - [2, 7] loss: 0.7663865685462952
2023-03-26 19:03:12 | INFO | __main__:train:122) - [2, 8] loss: 0.6257617473602295
2023-03-26 19:03:18 | INFO | __main__:train:122) - [2, 9] loss: 0.8132615685462952
2023-03-26 19:03:24 | INFO | __main__:train:122) - [2, 10] loss: 0.7976365685462952
2023-03-26 19:03:30 | INFO | __main__:train:122) - [2, 11] loss: 0.8601365089416504
2023-03-26 19:03:36 | INFO | __main__:train:122) - [2, 12] loss: 0.7820116281509399
2023-03-26 19:03:42 | INFO | __main__:train:122) - [2, 13] loss: 0.8757615089416504
2023-03-26 19:03:48 | INFO | __main__:train:122) - [2, 14] loss: 0.7195116877555847
2023-03-26 19:03:54 | INFO | __main__:train:122) - [2, 15] loss: 0.8913865089416504
2023-03-26 19:03:59 | INFO | __main__:train:122) - [2, 16] loss: 0.7195116281509399
2023-03-26 19:04:05 | INFO | __main__:train:122) - [2, 17] loss: 0.8445115685462952
2023-03-26 19:04:11 | INFO | __main__:train:122) - [2, 18] loss: 0.9538865089416504
2023-03-26 19:04:12 | INFO | __main__:train:122) - [2, 19] loss: 1.0132619142532349
2023-03-26 19:04:59 | INFO | __main__:train:182) - Accuracy PE: 52 %
2023-03-26 19:04:59 | INFO | __main__:train:187) - F1 Score PE: 0.36142635683009366
2023-03-26 19:04:59 | INFO | __main__:train:84) - ---Epoch 3/5---
2023-03-26 19:05:05 | INFO | __main__:train:122) - [3, 1] loss: 0.8445115685462952
2023-03-26 19:05:11 | INFO | __main__:train:122) - [3, 2] loss: 0.8288866281509399
2023-03-26 19:05:17 | INFO | __main__:train:122) - [3, 3] loss: 0.8288865685462952
2023-03-26 19:05:23 | INFO | __main__:train:122) - [3, 4] loss: 0.7507615685462952
2023-03-26 19:05:29 | INFO | __main__:train:122) - [3, 5] loss: 0.8601365089416504
2023-03-26 19:05:35 | INFO | __main__:train:122) - [3, 6] loss: 0.7976365685462952
2023-03-26 19:05:41 | INFO | __main__:train:122) - [3, 7] loss: 0.7507615685462952
2023-03-26 19:05:47 | INFO | __main__:train:122) - [3, 8] loss: 0.7820115685462952
2023-03-26 19:05:53 | INFO | __main__:train:122) - [3, 9] loss: 0.8132616281509399
2023-03-26 19:05:59 | INFO | __main__:train:122) - [3, 10] loss: 0.7507616281509399
2023-03-26 19:06:05 | INFO | __main__:train:122) - [3, 11] loss: 0.8288865089416504
2023-03-26 19:06:10 | INFO | __main__:train:122) - [3, 12] loss: 0.8132615685462952
2023-03-26 19:06:16 | INFO | __main__:train:122) - [3, 13] loss: 0.6882617473602295
2023-03-26 19:06:22 | INFO | __main__:train:122) - [3, 14] loss: 0.7663866281509399
2023-03-26 19:06:28 | INFO | __main__:train:122) - [3, 15] loss: 0.7976365685462952
2023-03-26 19:06:34 | INFO | __main__:train:122) - [3, 16] loss: 0.735097348690033
2023-03-26 19:06:40 | INFO | __main__:train:122) - [3, 17] loss: 0.7976366281509399
2023-03-26 19:06:46 | INFO | __main__:train:122) - [3, 18] loss: 0.8132615685462952
2023-03-26 19:06:47 | INFO | __main__:train:122) - [3, 19] loss: 0.6132618188858032
2023-03-26 19:07:33 | INFO | __main__:train:182) - Accuracy PE: 52 %
2023-03-26 19:07:33 | INFO | __main__:train:187) - F1 Score PE: 0.36142635683009366
2023-03-26 19:07:33 | INFO | __main__:train:84) - ---Epoch 4/5---
2023-03-26 19:07:39 | INFO | __main__:train:122) - [4, 1] loss: 0.8913865685462952
2023-03-26 19:07:45 | INFO | __main__:train:122) - [4, 2] loss: 0.7976365685462952
2023-03-26 19:07:51 | INFO | __main__:train:122) - [4, 3] loss: 0.7820115685462952
2023-03-26 19:07:57 | INFO | __main__:train:122) - [4, 4] loss: 0.7820116281509399
2023-03-26 19:08:03 | INFO | __main__:train:122) - [4, 5] loss: 0.6726367473602295
2023-03-26 19:08:09 | INFO | __main__:train:122) - [4, 6] loss: 0.8913865089416504
2023-03-26 19:08:15 | INFO | __main__:train:122) - [4, 7] loss: 0.7820115089416504
2023-03-26 19:08:21 | INFO | __main__:train:122) - [4, 8] loss: 0.8132615685462952
2023-03-26 19:08:27 | INFO | __main__:train:122) - [4, 9] loss: 0.7663866281509399
2023-03-26 19:08:33 | INFO | __main__:train:122) - [4, 10] loss: 0.7820115685462952
2023-03-26 19:08:38 | INFO | __main__:train:122) - [4, 11] loss: 0.8445115685462952
2023-03-26 19:08:44 | INFO | __main__:train:122) - [4, 12] loss: 0.9218299388885498
2023-03-26 19:08:50 | INFO | __main__:train:122) - [4, 13] loss: 0.7195169925689697
2023-03-26 19:08:56 | INFO | __main__:train:122) - [4, 14] loss: 0.7195116281509399
2023-03-26 19:09:02 | INFO | __main__:train:122) - [4, 15] loss: 0.828868567943573
2023-03-26 19:09:08 | INFO | __main__:train:122) - [4, 16] loss: 0.7976365685462952
2023-03-26 19:09:14 | INFO | __main__:train:122) - [4, 17] loss: 0.7351366281509399
2023-03-26 19:09:20 | INFO | __main__:train:122) - [4, 18] loss: 0.6882621645927429
2023-03-26 19:09:21 | INFO | __main__:train:122) - [4, 19] loss: 0.813261866569519
2023-03-26 19:10:08 | INFO | __main__:train:182) - Accuracy PE: 52 %
2023-03-26 19:10:08 | INFO | __main__:train:187) - F1 Score PE: 0.36142635683009366
2023-03-26 19:10:08 | INFO | __main__:train:84) - ---Epoch 5/5---
2023-03-26 19:10:14 | INFO | __main__:train:122) - [5, 1] loss: 0.7351367473602295
2023-03-26 19:10:20 | INFO | __main__:train:122) - [5, 2] loss: 0.7976366877555847
2023-03-26 19:10:26 | INFO | __main__:train:122) - [5, 3] loss: 0.7507616281509399
2023-03-26 19:10:32 | INFO | __main__:train:122) - [5, 4] loss: 0.8132613897323608
2023-03-26 19:10:38 | INFO | __main__:train:122) - [5, 5] loss: 0.7507619857788086
2023-03-26 19:10:44 | INFO | __main__:train:122) - [5, 6] loss: 0.7663868069648743
2023-03-26 19:10:49 | INFO | __main__:train:122) - [5, 7] loss: 0.7616833448410034
2023-03-26 19:10:55 | INFO | __main__:train:122) - [5, 8] loss: 0.8134898543357849
2023-03-26 19:11:01 | INFO | __main__:train:122) - [5, 9] loss: 0.969510555267334
2023-03-26 19:11:07 | INFO | __main__:train:122) - [5, 10] loss: 0.7663866281509399
2023-03-26 19:11:13 | INFO | __main__:train:122) - [5, 11] loss: 0.7663823366165161
2023-03-26 19:11:19 | INFO | __main__:train:122) - [5, 12] loss: 0.8132627010345459
2023-03-26 19:11:25 | INFO | __main__:train:122) - [5, 13] loss: 0.7963660359382629
2023-03-26 19:11:31 | INFO | __main__:train:122) - [5, 14] loss: 0.7664325833320618
2023-03-26 19:11:37 | INFO | __main__:train:122) - [5, 15] loss: 0.7507816553115845
2023-03-26 19:11:43 | INFO | __main__:train:122) - [5, 16] loss: 0.719508171081543
2023-03-26 19:11:49 | INFO | __main__:train:122) - [5, 17] loss: 0.8753077983856201
2023-03-26 19:11:54 | INFO | __main__:train:122) - [5, 18] loss: 0.766385018825531
2023-03-26 19:11:55 | INFO | __main__:train:122) - [5, 19] loss: 1.0094292163848877
2023-03-26 19:12:42 | INFO | __main__:train:182) - Accuracy PE: 52 %
2023-03-26 19:12:42 | INFO | __main__:train:187) - F1 Score PE: 0.36142635683009366
2023-03-26 19:12:43 | INFO | __main__:train:60) - Fold: 1
2023-03-26 19:12:43 | INFO | __main__:train:61) - ========
2023-03-26 19:12:43 | INFO | __main__:train:84) - ---Epoch 1/5---
2023-03-26 19:12:49 | INFO | __main__:train:122) - [1, 1] loss: 0.781825840473175
2023-03-26 19:12:55 | INFO | __main__:train:122) - [1, 2] loss: 0.750625729560852
2023-03-26 19:13:01 | INFO | __main__:train:122) - [1, 3] loss: 0.8290281295776367
2023-03-26 19:13:07 | INFO | __main__:train:122) - [1, 4] loss: 0.7670639753341675
2023-03-26 19:13:13 | INFO | __main__:train:122) - [1, 5] loss: 0.8127779364585876
2023-03-26 19:13:19 | INFO | __main__:train:122) - [1, 6] loss: 0.8092390894889832
2023-03-26 19:13:25 | INFO | __main__:train:122) - [1, 7] loss: 0.6687204837799072
2023-03-26 19:13:30 | INFO | __main__:train:122) - [1, 8] loss: 0.698040783405304
2023-03-26 19:13:36 | INFO | __main__:train:122) - [1, 9] loss: 0.6720108985900879
2023-03-26 19:13:42 | INFO | __main__:train:122) - [1, 10] loss: 0.6874025464057922
2023-03-26 19:13:48 | INFO | __main__:train:122) - [1, 11] loss: 0.69472336769104
2023-03-26 19:13:54 | INFO | __main__:train:122) - [1, 12] loss: 0.6892125606536865
2023-03-26 19:14:00 | INFO | __main__:train:122) - [1, 13] loss: 0.6852136850357056
2023-03-26 19:14:06 | INFO | __main__:train:122) - [1, 14] loss: 0.6823570728302002
2023-03-26 19:14:11 | INFO | __main__:train:122) - [1, 15] loss: 0.7153750061988831
2023-03-26 19:14:17 | INFO | __main__:train:122) - [1, 16] loss: 0.6934801936149597
2023-03-26 19:14:23 | INFO | __main__:train:122) - [1, 17] loss: 0.6835125684738159
2023-03-26 19:14:29 | INFO | __main__:train:122) - [1, 18] loss: 0.6883932948112488
2023-03-26 19:14:30 | INFO | __main__:train:122) - [1, 19] loss: 0.691463828086853
2023-03-26 19:15:17 | INFO | __main__:train:182) - Accuracy PE: 67 %
2023-03-26 19:15:17 | INFO | __main__:train:187) - F1 Score PE: 0.6686561871135817
2023-03-26 19:15:17 | INFO | __main__:train:84) - ---Epoch 2/5---
2023-03-26 19:15:23 | INFO | __main__:train:122) - [2, 1] loss: 0.6730743050575256
2023-03-26 19:15:29 | INFO | __main__:train:122) - [2, 2] loss: 0.6741266250610352
2023-03-26 19:15:35 | INFO | __main__:train:122) - [2, 3] loss: 0.6683385968208313
2023-03-26 19:15:40 | INFO | __main__:train:122) - [2, 4] loss: 0.7117618918418884
2023-03-26 19:15:46 | INFO | __main__:train:122) - [2, 5] loss: 0.6285082101821899
2023-03-26 19:15:52 | INFO | __main__:train:122) - [2, 6] loss: 0.6629649996757507
2023-03-26 19:15:58 | INFO | __main__:train:122) - [2, 7] loss: 0.6384254693984985
2023-03-26 19:16:05 | INFO | __main__:train:122) - [2, 8] loss: 0.6639962792396545
2023-03-26 19:16:11 | INFO | __main__:train:122) - [2, 9] loss: 0.6623623967170715
2023-03-26 19:16:17 | INFO | __main__:train:122) - [2, 10] loss: 0.630897581577301
2023-03-26 19:16:23 | INFO | __main__:train:122) - [2, 11] loss: 0.6631187796592712
2023-03-26 19:16:29 | INFO | __main__:train:122) - [2, 12] loss: 0.6265313625335693
2023-03-26 19:16:35 | INFO | __main__:train:122) - [2, 13] loss: 0.6018237471580505
2023-03-26 19:16:41 | INFO | __main__:train:122) - [2, 14] loss: 0.5270584225654602
2023-03-26 19:16:47 | INFO | __main__:train:122) - [2, 15] loss: 0.6319988369941711
2023-03-26 19:16:53 | INFO | __main__:train:122) - [2, 16] loss: 0.579652726650238
2023-03-26 19:17:00 | INFO | __main__:train:122) - [2, 17] loss: 0.6578613519668579
2023-03-26 19:17:06 | INFO | __main__:train:122) - [2, 18] loss: 0.5907188653945923
2023-03-26 19:17:07 | INFO | __main__:train:122) - [2, 19] loss: 0.5214720368385315
2023-03-26 19:17:56 | INFO | __main__:train:182) - Accuracy PE: 72 %
2023-03-26 19:17:56 | INFO | __main__:train:187) - F1 Score PE: 0.7151065155352748
2023-03-26 19:17:56 | INFO | __main__:train:84) - ---Epoch 3/5---
2023-03-26 19:18:02 | INFO | __main__:train:122) - [3, 1] loss: 0.6617181897163391
2023-03-26 19:18:09 | INFO | __main__:train:122) - [3, 2] loss: 0.4750578701496124
2023-03-26 19:18:15 | INFO | __main__:train:122) - [3, 3] loss: 0.5203174948692322
2023-03-26 19:18:21 | INFO | __main__:train:122) - [3, 4] loss: 0.5780709981918335
2023-03-26 19:18:27 | INFO | __main__:train:122) - [3, 5] loss: 0.5534331798553467
2023-03-26 19:18:34 | INFO | __main__:train:122) - [3, 6] loss: 0.5717856884002686
2023-03-26 19:18:40 | INFO | __main__:train:122) - [3, 7] loss: 0.5527036190032959
2023-03-26 19:18:46 | INFO | __main__:train:122) - [3, 8] loss: 0.5847920775413513
2023-03-26 19:18:52 | INFO | __main__:train:122) - [3, 9] loss: 0.5127408504486084
2023-03-26 19:18:58 | INFO | __main__:train:122) - [3, 10] loss: 0.7130799293518066
2023-03-26 19:19:04 | INFO | __main__:train:122) - [3, 11] loss: 0.647101104259491
2023-03-26 19:19:10 | INFO | __main__:train:122) - [3, 12] loss: 0.5613060593605042
2023-03-26 19:19:17 | INFO | __main__:train:122) - [3, 13] loss: 0.5308740735054016
2023-03-26 19:19:23 | INFO | __main__:train:122) - [3, 14] loss: 0.5653494596481323
2023-03-26 19:19:29 | INFO | __main__:train:122) - [3, 15] loss: 0.6002646088600159
2023-03-26 19:19:35 | INFO | __main__:train:122) - [3, 16] loss: 0.5425456762313843
2023-03-26 19:19:41 | INFO | __main__:train:122) - [3, 17] loss: 0.6158178448677063
2023-03-26 19:19:47 | INFO | __main__:train:122) - [3, 18] loss: 0.5335221886634827
2023-03-26 19:19:48 | INFO | __main__:train:122) - [3, 19] loss: 0.5379936695098877
2023-03-26 19:20:37 | INFO | __main__:train:182) - Accuracy PE: 72 %
2023-03-26 19:20:37 | INFO | __main__:train:187) - F1 Score PE: 0.712872048278189
2023-03-26 19:20:37 | INFO | __main__:train:84) - ---Epoch 4/5---
2023-03-26 19:20:43 | INFO | __main__:train:122) - [4, 1] loss: 0.4708883464336395
2023-03-26 19:20:49 | INFO | __main__:train:122) - [4, 2] loss: 0.6645989418029785
2023-03-26 19:20:56 | INFO | __main__:train:122) - [4, 3] loss: 0.5543166995048523
2023-03-26 19:21:02 | INFO | __main__:train:122) - [4, 4] loss: 0.5150415301322937
2023-03-26 19:21:08 | INFO | __main__:train:122) - [4, 5] loss: 0.5426652431488037
2023-03-26 19:21:15 | INFO | __main__:train:122) - [4, 6] loss: 0.6050456762313843
2023-03-26 19:21:21 | INFO | __main__:train:122) - [4, 7] loss: 0.5755768418312073
2023-03-26 19:21:27 | INFO | __main__:train:122) - [4, 8] loss: 0.5004087090492249
2023-03-26 19:21:33 | INFO | __main__:train:122) - [4, 9] loss: 0.5011726021766663
2023-03-26 19:21:40 | INFO | __main__:train:122) - [4, 10] loss: 0.5409285426139832
2023-03-26 19:21:46 | INFO | __main__:train:122) - [4, 11] loss: 0.578856885433197
2023-03-26 19:21:52 | INFO | __main__:train:122) - [4, 12] loss: 0.5711696147918701
2023-03-26 19:21:58 | INFO | __main__:train:122) - [4, 13] loss: 0.5561538934707642
2023-03-26 19:22:05 | INFO | __main__:train:122) - [4, 14] loss: 0.4732426106929779
2023-03-26 19:22:11 | INFO | __main__:train:122) - [4, 15] loss: 0.5127208232879639
2023-03-26 19:22:17 | INFO | __main__:train:122) - [4, 16] loss: 0.7229757905006409
2023-03-26 19:22:23 | INFO | __main__:train:122) - [4, 17] loss: 0.5362222194671631
2023-03-26 19:22:29 | INFO | __main__:train:122) - [4, 18] loss: 0.4841872751712799
2023-03-26 19:22:30 | INFO | __main__:train:122) - [4, 19] loss: 0.4505857825279236
2023-03-26 19:23:20 | INFO | __main__:train:182) - Accuracy PE: 78 %
2023-03-26 19:23:20 | INFO | __main__:train:187) - F1 Score PE: 0.7878242213867441
2023-03-26 19:23:20 | INFO | __main__:train:84) - ---Epoch 5/5---
2023-03-26 19:23:27 | INFO | __main__:train:122) - [5, 1] loss: 0.5343531966209412
2023-03-26 19:23:33 | INFO | __main__:train:122) - [5, 2] loss: 0.5425599813461304
2023-03-26 19:23:39 | INFO | __main__:train:122) - [5, 3] loss: 0.486140638589859
2023-03-26 19:23:45 | INFO | __main__:train:122) - [5, 4] loss: 0.5524017214775085
2023-03-26 19:23:52 | INFO | __main__:train:122) - [5, 5] loss: 0.4506025016307831
2023-03-26 19:23:58 | INFO | __main__:train:122) - [5, 6] loss: 0.6212002635002136
2023-03-26 19:24:05 | INFO | __main__:train:122) - [5, 7] loss: 0.5077112913131714
2023-03-26 19:24:11 | INFO | __main__:train:122) - [5, 8] loss: 0.506820023059845
2023-03-26 19:24:17 | INFO | __main__:train:122) - [5, 9] loss: 0.4910006821155548
2023-03-26 19:24:23 | INFO | __main__:train:122) - [5, 10] loss: 0.47510093450546265
2023-03-26 19:24:29 | INFO | __main__:train:122) - [5, 11] loss: 0.4551575183868408
2023-03-26 19:24:36 | INFO | __main__:train:122) - [5, 12] loss: 0.5122167468070984
2023-03-26 19:24:42 | INFO | __main__:train:122) - [5, 13] loss: 0.49348288774490356
2023-03-26 19:24:48 | INFO | __main__:train:122) - [5, 14] loss: 0.4977610409259796
2023-03-26 19:24:54 | INFO | __main__:train:122) - [5, 15] loss: 0.4870845079421997
2023-03-26 19:25:00 | INFO | __main__:train:122) - [5, 16] loss: 0.4615623950958252
2023-03-26 19:25:06 | INFO | __main__:train:122) - [5, 17] loss: 0.5448815226554871
2023-03-26 19:25:12 | INFO | __main__:train:122) - [5, 18] loss: 0.4324575364589691
2023-03-26 19:25:13 | INFO | __main__:train:122) - [5, 19] loss: 0.5850881338119507
2023-03-26 19:26:03 | INFO | __main__:train:182) - Accuracy PE: 80 %
2023-03-26 19:26:03 | INFO | __main__:train:187) - F1 Score PE: 0.8090520044103202
2023-03-26 19:26:04 | INFO | __main__:train:60) - Fold: 2
2023-03-26 19:26:04 | INFO | __main__:train:61) - ========
2023-03-26 19:26:04 | INFO | __main__:train:84) - ---Epoch 1/5---
2023-03-26 19:26:11 | INFO | __main__:train:122) - [1, 1] loss: 0.44428208470344543
2023-03-26 19:26:17 | INFO | __main__:train:122) - [1, 2] loss: 0.5460988283157349
2023-03-26 19:26:23 | INFO | __main__:train:122) - [1, 3] loss: 0.5237178802490234
2023-03-26 19:26:29 | INFO | __main__:train:122) - [1, 4] loss: 0.599897563457489
2023-03-26 19:26:35 | INFO | __main__:train:122) - [1, 5] loss: 0.4816274642944336
2023-03-26 19:26:41 | INFO | __main__:train:122) - [1, 6] loss: 0.5778036117553711
2023-03-26 19:26:48 | INFO | __main__:train:122) - [1, 7] loss: 0.520441472530365
2023-03-26 19:26:54 | INFO | __main__:train:122) - [1, 8] loss: 0.5592091679573059
2023-03-26 19:27:00 | INFO | __main__:train:122) - [1, 9] loss: 0.5075358748435974
2023-03-26 19:27:07 | INFO | __main__:train:122) - [1, 10] loss: 0.5297737717628479
2023-03-26 19:27:13 | INFO | __main__:train:122) - [1, 11] loss: 0.4881519377231598
2023-03-26 19:27:19 | INFO | __main__:train:122) - [1, 12] loss: 0.5210490226745605
2023-03-26 19:27:25 | INFO | __main__:train:122) - [1, 13] loss: 0.46948349475860596
2023-03-26 19:27:32 | INFO | __main__:train:122) - [1, 14] loss: 0.4911053776741028
2023-03-26 19:27:38 | INFO | __main__:train:122) - [1, 15] loss: 0.4475935697555542
2023-03-26 19:27:44 | INFO | __main__:train:122) - [1, 16] loss: 0.5300053358078003
2023-03-26 19:27:50 | INFO | __main__:train:122) - [1, 17] loss: 0.4758070707321167
2023-03-26 19:27:57 | INFO | __main__:train:122) - [1, 18] loss: 0.48489052057266235
2023-03-26 19:27:58 | INFO | __main__:train:122) - [1, 19] loss: 0.3925464451313019
2023-03-26 19:28:48 | INFO | __main__:train:182) - Accuracy PE: 82 %
2023-03-26 19:28:48 | INFO | __main__:train:187) - F1 Score PE: 0.821093792826956
2023-03-26 19:28:48 | INFO | __main__:train:84) - ---Epoch 2/5---
2023-03-26 19:28:55 | INFO | __main__:train:122) - [2, 1] loss: 0.5150540471076965
2023-03-26 19:29:01 | INFO | __main__:train:122) - [2, 2] loss: 0.5499448776245117
2023-03-26 19:29:07 | INFO | __main__:train:122) - [2, 3] loss: 0.43107837438583374
2023-03-26 19:29:13 | INFO | __main__:train:122) - [2, 4] loss: 0.47226232290267944
2023-03-26 19:29:20 | INFO | __main__:train:122) - [2, 5] loss: 0.5228018164634705
2023-03-26 19:29:26 | INFO | __main__:train:122) - [2, 6] loss: 0.5221125483512878
2023-03-26 19:29:32 | INFO | __main__:train:122) - [2, 7] loss: 0.4603864550590515
2023-03-26 19:29:39 | INFO | __main__:train:122) - [2, 8] loss: 0.5236448049545288
2023-03-26 19:29:45 | INFO | __main__:train:122) - [2, 9] loss: 0.5003463625907898
2023-03-26 19:29:51 | INFO | __main__:train:122) - [2, 10] loss: 0.44342219829559326
2023-03-26 19:29:57 | INFO | __main__:train:122) - [2, 11] loss: 0.5086817145347595
2023-03-26 19:30:04 | INFO | __main__:train:122) - [2, 12] loss: 0.5249335765838623
2023-03-26 19:30:10 | INFO | __main__:train:122) - [2, 13] loss: 0.49941080808639526
2023-03-26 19:30:16 | INFO | __main__:train:122) - [2, 14] loss: 0.5238021016120911
2023-03-26 19:30:23 | INFO | __main__:train:122) - [2, 15] loss: 0.5419778823852539
2023-03-26 19:30:29 | INFO | __main__:train:122) - [2, 16] loss: 0.567431628704071
2023-03-26 19:30:35 | INFO | __main__:train:122) - [2, 17] loss: 0.4584497809410095
2023-03-26 19:30:41 | INFO | __main__:train:122) - [2, 18] loss: 0.4467453062534332
2023-03-26 19:30:42 | INFO | __main__:train:122) - [2, 19] loss: 0.42950183153152466
2023-03-26 19:31:32 | INFO | __main__:train:182) - Accuracy PE: 81 %
2023-03-26 19:31:32 | INFO | __main__:train:187) - F1 Score PE: 0.8104585148143999
2023-03-26 19:31:32 | INFO | __main__:train:84) - ---Epoch 3/5---
2023-03-26 19:31:38 | INFO | __main__:train:122) - [3, 1] loss: 0.46743616461753845
2023-03-26 19:31:44 | INFO | __main__:train:122) - [3, 2] loss: 0.5423715710639954
2023-03-26 19:31:50 | INFO | __main__:train:122) - [3, 3] loss: 0.4331398010253906
2023-03-26 19:31:56 | INFO | __main__:train:122) - [3, 4] loss: 0.4859383702278137
2023-03-26 19:32:02 | INFO | __main__:train:122) - [3, 5] loss: 0.508363664150238
2023-03-26 19:32:09 | INFO | __main__:train:122) - [3, 6] loss: 0.5577051043510437
2023-03-26 19:32:15 | INFO | __main__:train:122) - [3, 7] loss: 0.5142902731895447
2023-03-26 19:32:21 | INFO | __main__:train:122) - [3, 8] loss: 0.49095821380615234
2023-03-26 19:32:27 | INFO | __main__:train:122) - [3, 9] loss: 0.4613882005214691
2023-03-26 19:32:33 | INFO | __main__:train:122) - [3, 10] loss: 0.5884159207344055
2023-03-26 19:32:40 | INFO | __main__:train:122) - [3, 11] loss: 0.4641273319721222
2023-03-26 19:32:46 | INFO | __main__:train:122) - [3, 12] loss: 0.46514028310775757
2023-03-26 19:32:52 | INFO | __main__:train:122) - [3, 13] loss: 0.4840303361415863
2023-03-26 19:32:58 | INFO | __main__:train:122) - [3, 14] loss: 0.5234658718109131
2023-03-26 19:33:05 | INFO | __main__:train:122) - [3, 15] loss: 0.49115294218063354
2023-03-26 19:33:11 | INFO | __main__:train:122) - [3, 16] loss: 0.47942450642585754
2023-03-26 19:33:17 | INFO | __main__:train:122) - [3, 17] loss: 0.44767189025878906
2023-03-26 19:33:23 | INFO | __main__:train:122) - [3, 18] loss: 0.49181780219078064
2023-03-26 19:33:24 | INFO | __main__:train:122) - [3, 19] loss: 0.4981972575187683
2023-03-26 19:34:13 | INFO | __main__:train:182) - Accuracy PE: 83 %
2023-03-26 19:34:13 | INFO | __main__:train:187) - F1 Score PE: 0.8346535405668452
2023-03-26 19:34:13 | INFO | __main__:train:84) - ---Epoch 4/5---
2023-03-26 19:34:19 | INFO | __main__:train:122) - [4, 1] loss: 0.5006985664367676
2023-03-26 19:34:25 | INFO | __main__:train:122) - [4, 2] loss: 0.48557722568511963
2023-03-26 19:34:31 | INFO | __main__:train:122) - [4, 3] loss: 0.4398614764213562
2023-03-26 19:34:38 | INFO | __main__:train:122) - [4, 4] loss: 0.42645472288131714
2023-03-26 19:34:44 | INFO | __main__:train:122) - [4, 5] loss: 0.5161545276641846
2023-03-26 19:34:50 | INFO | __main__:train:122) - [4, 6] loss: 0.5240416526794434
2023-03-26 19:34:56 | INFO | __main__:train:122) - [4, 7] loss: 0.5050381422042847
2023-03-26 19:35:03 | INFO | __main__:train:122) - [4, 8] loss: 0.480364054441452
2023-03-26 19:35:09 | INFO | __main__:train:122) - [4, 9] loss: 0.4255383014678955
2023-03-26 19:35:15 | INFO | __main__:train:122) - [4, 10] loss: 0.45798808336257935
2023-03-26 19:35:21 | INFO | __main__:train:122) - [4, 11] loss: 0.5299124717712402
2023-03-26 19:35:28 | INFO | __main__:train:122) - [4, 12] loss: 0.4059642553329468
2023-03-26 19:35:34 | INFO | __main__:train:122) - [4, 13] loss: 0.5268619656562805
2023-03-26 19:35:40 | INFO | __main__:train:122) - [4, 14] loss: 0.5587520003318787
2023-03-26 19:35:46 | INFO | __main__:train:122) - [4, 15] loss: 0.45294588804244995
2023-03-26 19:35:53 | INFO | __main__:train:122) - [4, 16] loss: 0.49452051520347595
2023-03-26 19:35:59 | INFO | __main__:train:122) - [4, 17] loss: 0.47788143157958984
2023-03-26 19:36:05 | INFO | __main__:train:122) - [4, 18] loss: 0.492943674325943
2023-03-26 19:36:06 | INFO | __main__:train:122) - [4, 19] loss: 0.5398934483528137
2023-03-26 19:36:56 | INFO | __main__:train:182) - Accuracy PE: 84 %
2023-03-26 19:36:56 | INFO | __main__:train:187) - F1 Score PE: 0.8408423780002223
2023-03-26 19:36:56 | INFO | __main__:train:84) - ---Epoch 5/5---
2023-03-26 19:37:02 | INFO | __main__:train:122) - [5, 1] loss: 0.529711127281189
2023-03-26 19:37:09 | INFO | __main__:train:122) - [5, 2] loss: 0.46470579504966736
2023-03-26 19:37:15 | INFO | __main__:train:122) - [5, 3] loss: 0.4191952049732208
2023-03-26 19:37:21 | INFO | __main__:train:122) - [5, 4] loss: 0.4396039843559265
2023-03-26 19:37:27 | INFO | __main__:train:122) - [5, 5] loss: 0.5064059495925903
2023-03-26 19:37:34 | INFO | __main__:train:122) - [5, 6] loss: 0.4750669002532959
2023-03-26 19:37:40 | INFO | __main__:train:122) - [5, 7] loss: 0.47847339510917664
2023-03-26 19:37:46 | INFO | __main__:train:122) - [5, 8] loss: 0.5223842859268188
2023-03-26 19:37:52 | INFO | __main__:train:122) - [5, 9] loss: 0.46400487422943115
2023-03-26 19:37:59 | INFO | __main__:train:122) - [5, 10] loss: 0.3922014832496643
2023-03-26 19:38:05 | INFO | __main__:train:122) - [5, 11] loss: 0.4052227735519409
2023-03-26 19:38:11 | INFO | __main__:train:122) - [5, 12] loss: 0.48218321800231934
2023-03-26 19:38:17 | INFO | __main__:train:122) - [5, 13] loss: 0.46731358766555786
2023-03-26 19:38:24 | INFO | __main__:train:122) - [5, 14] loss: 0.6269878149032593
2023-03-26 19:38:30 | INFO | __main__:train:122) - [5, 15] loss: 0.4987223744392395
2023-03-26 19:38:36 | INFO | __main__:train:122) - [5, 16] loss: 0.481889545917511
2023-03-26 19:38:42 | INFO | __main__:train:122) - [5, 17] loss: 0.49271726608276367
2023-03-26 19:38:49 | INFO | __main__:train:122) - [5, 18] loss: 0.4231415390968323
2023-03-26 19:38:50 | INFO | __main__:train:122) - [5, 19] loss: 0.4320600628852844
2023-03-26 19:39:39 | INFO | __main__:train:182) - Accuracy PE: 84 %
2023-03-26 19:39:39 | INFO | __main__:train:187) - F1 Score PE: 0.84195629814251
2023-03-26 19:39:41 | INFO | __main__:train:214) - Training Stats:
    accuracy  f1_score
0  52.495697  0.361426
1  74.388985  0.738702
2  83.132530  0.829801
2023-03-26 19:39:41 | INFO | __main__:train:216) - Finished Training
