2023-03-25 07:40:21 | INFO | __main__:run:218) - {'seed': 1, 'batch': 64, 'epochs': 5, 'channel': 3, 'width': 256, 'height': 256, 'lr': 0.0001, 'decay': 0.01, 'grad_accumulate': 10, 'dropout': 0.2, 'fold': 5, 'experiment': 8, 'aug': False, 'download': False, 'gpu': '6', 'densenet': False, 'resnet': True, 'config': 'None', 'model_name': 'resnet', 'model': <function resnet34 at 0x7fdb724f0310>, 'model_params': {'num_classes': 2}}
2023-03-25 07:40:25 | INFO | __main__:train:37) - Number of model parameters: 23.770178 M
2023-03-25 07:40:25 | INFO | lglutide.make_data:make_annotations:82) - Annotations file already exists!
2023-03-25 07:40:25 | INFO | __main__:train:51) - Training Started ...
2023-03-25 07:40:25 | INFO | __main__:train:58) - Fold: 0
2023-03-25 07:40:25 | INFO | __main__:train:59) - ========
2023-03-25 07:40:25 | INFO | __main__:train:82) - ---Epoch 1/5---
2023-03-25 07:40:33 | INFO | __main__:train:120) - [1, 1] loss: 0.669032871723175
2023-03-25 07:40:38 | INFO | __main__:train:120) - [1, 2] loss: 0.7319857478141785
2023-03-25 07:40:44 | INFO | __main__:train:120) - [1, 3] loss: 0.812214195728302
2023-03-25 07:40:50 | INFO | __main__:train:120) - [1, 4] loss: 0.7195025682449341
2023-03-25 07:40:54 | INFO | __main__:train:120) - [1, 5] loss: 0.6882615089416504
2023-03-25 07:41:00 | INFO | __main__:train:120) - [1, 6] loss: 0.8601365685462952
2023-03-25 07:41:05 | INFO | __main__:train:120) - [1, 7] loss: 0.7351366281509399
2023-03-25 07:41:10 | INFO | __main__:train:120) - [1, 8] loss: 0.7820115685462952
2023-03-25 07:41:15 | INFO | __main__:train:120) - [1, 9] loss: 0.8757615685462952
2023-03-25 07:41:21 | INFO | __main__:train:120) - [1, 10] loss: 0.7038866877555847
2023-03-25 07:41:27 | INFO | __main__:train:120) - [1, 11] loss: 0.8445115685462952
2023-03-25 07:41:32 | INFO | __main__:train:120) - [1, 12] loss: 0.6726366281509399
2023-03-25 07:41:37 | INFO | __main__:train:120) - [1, 13] loss: 0.7663866281509399
2023-03-25 07:41:42 | INFO | __main__:train:120) - [1, 14] loss: 0.8445115685462952
2023-03-25 07:41:48 | INFO | __main__:train:120) - [1, 15] loss: 0.8913865685462952
2023-03-25 07:41:53 | INFO | __main__:train:120) - [1, 16] loss: 0.7195116281509399
2023-03-25 07:41:58 | INFO | __main__:train:120) - [1, 17] loss: 0.7976365685462952
2023-03-25 07:42:04 | INFO | __main__:train:120) - [1, 18] loss: 0.7976365685462952
2023-03-25 07:42:10 | INFO | __main__:train:120) - [1, 19] loss: 0.8445115685462952
2023-03-25 07:42:15 | INFO | __main__:train:120) - [1, 20] loss: 0.8757615089416504
2023-03-25 07:42:21 | INFO | __main__:train:120) - [1, 21] loss: 0.8445115089416504
2023-03-25 07:42:26 | INFO | __main__:train:120) - [1, 22] loss: 0.8132621049880981
2023-03-25 07:42:52 | INFO | __main__:train:180) - Accuracy PE: 52 %
2023-03-25 07:42:52 | INFO | __main__:train:185) - F1 Score PE: 0.3607406769071676
2023-03-25 07:42:52 | INFO | __main__:train:82) - ---Epoch 2/5---
2023-03-25 07:42:58 | INFO | __main__:train:120) - [2, 1] loss: 0.9070115089416504
2023-03-25 07:43:04 | INFO | __main__:train:120) - [2, 2] loss: 0.8288865685462952
2023-03-25 07:43:09 | INFO | __main__:train:120) - [2, 3] loss: 0.6413866877555847
2023-03-25 07:43:13 | INFO | __main__:train:120) - [2, 4] loss: 0.7820115685462952
2023-03-25 07:43:19 | INFO | __main__:train:120) - [2, 5] loss: 0.7663866281509399
2023-03-25 07:43:25 | INFO | __main__:train:120) - [2, 6] loss: 0.8132615685462952
2023-03-25 07:43:31 | INFO | __main__:train:120) - [2, 7] loss: 0.7195115685462952
2023-03-25 07:43:35 | INFO | __main__:train:120) - [2, 8] loss: 0.8132615685462952
2023-03-25 07:43:40 | INFO | __main__:train:120) - [2, 9] loss: 0.8132615685462952
2023-03-25 07:43:45 | INFO | __main__:train:120) - [2, 10] loss: 0.8445115089416504
2023-03-25 07:43:51 | INFO | __main__:train:120) - [2, 11] loss: 0.7976365685462952
2023-03-25 07:43:56 | INFO | __main__:train:120) - [2, 12] loss: 0.7507615685462952
2023-03-25 07:44:02 | INFO | __main__:train:120) - [2, 13] loss: 0.7663865685462952
2023-03-25 07:44:08 | INFO | __main__:train:120) - [2, 14] loss: 0.7976365685462952
2023-03-25 07:44:13 | INFO | __main__:train:120) - [2, 15] loss: 0.7663865089416504
2023-03-25 07:44:18 | INFO | __main__:train:120) - [2, 16] loss: 0.7820115089416504
2023-03-25 07:44:24 | INFO | __main__:train:120) - [2, 17] loss: 0.7976365685462952
2023-03-25 07:44:30 | INFO | __main__:train:120) - [2, 18] loss: 0.7820116281509399
2023-03-25 07:44:35 | INFO | __main__:train:120) - [2, 19] loss: 0.7820115685462952
2023-03-25 07:44:40 | INFO | __main__:train:120) - [2, 20] loss: 0.7663866281509399
2023-03-25 07:44:46 | INFO | __main__:train:120) - [2, 21] loss: 0.8132616281509399
2023-03-25 07:44:50 | INFO | __main__:train:120) - [2, 22] loss: 0.8532621264457703
2023-03-25 07:45:17 | INFO | __main__:train:180) - Accuracy PE: 52 %
2023-03-25 07:45:17 | INFO | __main__:train:185) - F1 Score PE: 0.3607406769071676
2023-03-25 07:45:17 | INFO | __main__:train:82) - ---Epoch 3/5---
2023-03-25 07:45:22 | INFO | __main__:train:120) - [3, 1] loss: 0.8288866281509399
2023-03-25 07:45:28 | INFO | __main__:train:120) - [3, 2] loss: 0.8132615685462952
2023-03-25 07:45:34 | INFO | __main__:train:120) - [3, 3] loss: 0.8757615685462952
2023-03-25 07:45:40 | INFO | __main__:train:120) - [3, 4] loss: 0.7663866281509399
2023-03-25 07:45:44 | INFO | __main__:train:120) - [3, 5] loss: 0.7820116281509399
2023-03-25 07:45:50 | INFO | __main__:train:120) - [3, 6] loss: 0.7820115685462952
2023-03-25 07:45:56 | INFO | __main__:train:120) - [3, 7] loss: 0.7820115685462952
2023-03-25 07:46:02 | INFO | __main__:train:120) - [3, 8] loss: 0.7195116281509399
2023-03-25 07:46:07 | INFO | __main__:train:120) - [3, 9] loss: 0.8132615089416504
2023-03-25 07:46:13 | INFO | __main__:train:120) - [3, 10] loss: 0.7351366281509399
2023-03-25 07:46:19 | INFO | __main__:train:120) - [3, 11] loss: 0.8132615685462952
2023-03-25 07:46:24 | INFO | __main__:train:120) - [3, 12] loss: 0.9226365089416504
2023-03-25 07:46:29 | INFO | __main__:train:120) - [3, 13] loss: 0.8288865685462952
2023-03-25 07:46:35 | INFO | __main__:train:120) - [3, 14] loss: 0.8757615685462952
2023-03-25 07:46:40 | INFO | __main__:train:120) - [3, 15] loss: 0.7351366281509399
2023-03-25 07:46:45 | INFO | __main__:train:120) - [3, 16] loss: 0.6726367473602295
2023-03-25 07:46:50 | INFO | __main__:train:120) - [3, 17] loss: 0.7195116877555847
2023-03-25 07:46:56 | INFO | __main__:train:120) - [3, 18] loss: 0.6882616877555847
2023-03-25 07:47:02 | INFO | __main__:train:120) - [3, 19] loss: 0.8913865089416504
2023-03-25 07:47:07 | INFO | __main__:train:120) - [3, 20] loss: 0.7663866281509399
2023-03-25 07:47:13 | INFO | __main__:train:120) - [3, 21] loss: 0.7976365685462952
2023-03-25 07:47:17 | INFO | __main__:train:120) - [3, 22] loss: 0.753261923789978
2023-03-25 07:47:45 | INFO | __main__:train:180) - Accuracy PE: 52 %
2023-03-25 07:47:45 | INFO | __main__:train:185) - F1 Score PE: 0.3607406769071676
2023-03-25 07:47:45 | INFO | __main__:train:82) - ---Epoch 4/5---
2023-03-25 07:47:51 | INFO | __main__:train:120) - [4, 1] loss: 0.7820116281509399
2023-03-25 07:47:57 | INFO | __main__:train:120) - [4, 2] loss: 0.8288866281509399
2023-03-25 07:48:01 | INFO | __main__:train:120) - [4, 3] loss: 0.7663866281509399
2023-03-25 07:48:07 | INFO | __main__:train:120) - [4, 4] loss: 0.8132615685462952
2023-03-25 07:48:13 | INFO | __main__:train:120) - [4, 5] loss: 0.7820115685462952
2023-03-25 07:48:19 | INFO | __main__:train:120) - [4, 6] loss: 0.8288865685462952
2023-03-25 07:48:24 | INFO | __main__:train:120) - [4, 7] loss: 0.7351365685462952
2023-03-25 07:48:30 | INFO | __main__:train:120) - [4, 8] loss: 0.7663866281509399
2023-03-25 07:48:36 | INFO | __main__:train:120) - [4, 9] loss: 0.6726366877555847
2023-03-25 07:48:41 | INFO | __main__:train:120) - [4, 10] loss: 0.8132616281509399
2023-03-25 07:48:48 | INFO | __main__:train:120) - [4, 11] loss: 0.7663865685462952
2023-03-25 07:48:53 | INFO | __main__:train:120) - [4, 12] loss: 0.7507616281509399
2023-03-25 07:48:59 | INFO | __main__:train:120) - [4, 13] loss: 0.7976366281509399
2023-03-25 07:49:05 | INFO | __main__:train:120) - [4, 14] loss: 0.8913865685462952
2023-03-25 07:49:10 | INFO | __main__:train:120) - [4, 15] loss: 0.8757615089416504
2023-03-25 07:49:15 | INFO | __main__:train:120) - [4, 16] loss: 0.7663865685462952
2023-03-25 07:49:21 | INFO | __main__:train:120) - [4, 17] loss: 0.7976365685462952
2023-03-25 07:49:27 | INFO | __main__:train:120) - [4, 18] loss: 0.7976365685462952
2023-03-25 07:49:33 | INFO | __main__:train:120) - [4, 19] loss: 0.7976366281509399
2023-03-25 07:49:38 | INFO | __main__:train:120) - [4, 20] loss: 0.7976366281509399
2023-03-25 07:49:44 | INFO | __main__:train:120) - [4, 21] loss: 0.6882616877555847
2023-03-25 07:49:49 | INFO | __main__:train:120) - [4, 22] loss: 0.8732621669769287
2023-03-25 07:50:17 | INFO | __main__:train:180) - Accuracy PE: 52 %
2023-03-25 07:50:17 | INFO | __main__:train:185) - F1 Score PE: 0.3607406769071676
2023-03-25 07:50:17 | INFO | __main__:train:82) - ---Epoch 5/5---
2023-03-25 07:50:22 | INFO | __main__:train:120) - [5, 1] loss: 0.8288865685462952
2023-03-25 07:50:28 | INFO | __main__:train:120) - [5, 2] loss: 0.7820116281509399
2023-03-25 07:50:34 | INFO | __main__:train:120) - [5, 3] loss: 0.7195115685462952
2023-03-25 07:50:40 | INFO | __main__:train:120) - [5, 4] loss: 0.8288865685462952
2023-03-25 07:50:46 | INFO | __main__:train:120) - [5, 5] loss: 0.8601365685462952
2023-03-25 07:50:52 | INFO | __main__:train:120) - [5, 6] loss: 0.7195116877555847
2023-03-25 07:50:57 | INFO | __main__:train:120) - [5, 7] loss: 0.7976365685462952
2023-03-25 07:51:03 | INFO | __main__:train:120) - [5, 8] loss: 0.8132615685462952
2023-03-25 07:51:09 | INFO | __main__:train:120) - [5, 9] loss: 0.9070115089416504
2023-03-25 07:51:15 | INFO | __main__:train:120) - [5, 10] loss: 0.8132615685462952
2023-03-25 07:51:20 | INFO | __main__:train:120) - [5, 11] loss: 0.7820115685462952
2023-03-25 07:51:26 | INFO | __main__:train:120) - [5, 12] loss: 0.7663866281509399
2023-03-25 07:51:32 | INFO | __main__:train:120) - [5, 13] loss: 0.8757615685462952
2023-03-25 07:51:38 | INFO | __main__:train:120) - [5, 14] loss: 0.7663866281509399
2023-03-25 07:51:44 | INFO | __main__:train:120) - [5, 15] loss: 0.8132615685462952
2023-03-25 07:51:50 | INFO | __main__:train:120) - [5, 16] loss: 0.8132615685462952
2023-03-25 07:51:55 | INFO | __main__:train:120) - [5, 17] loss: 0.8132616281509399
2023-03-25 07:52:01 | INFO | __main__:train:120) - [5, 18] loss: 0.7038866877555847
2023-03-25 07:52:07 | INFO | __main__:train:120) - [5, 19] loss: 0.7976366281509399
2023-03-25 07:52:13 | INFO | __main__:train:120) - [5, 20] loss: 0.7195116877555847
2023-03-25 07:52:19 | INFO | __main__:train:120) - [5, 21] loss: 0.7351366877555847
2023-03-25 07:52:24 | INFO | __main__:train:120) - [5, 22] loss: 0.6932619214057922
2023-03-25 07:52:51 | INFO | __main__:train:180) - Accuracy PE: 52 %
2023-03-25 07:52:51 | INFO | __main__:train:185) - F1 Score PE: 0.3607406769071676
2023-03-25 07:52:51 | INFO | __main__:train:58) - Fold: 1
2023-03-25 07:52:51 | INFO | __main__:train:59) - ========
2023-03-25 07:52:51 | INFO | __main__:train:82) - ---Epoch 1/5---
2023-03-25 07:52:56 | INFO | __main__:train:120) - [1, 1] loss: 0.8288866281509399
2023-03-25 07:53:02 | INFO | __main__:train:120) - [1, 2] loss: 0.7663866281509399
2023-03-25 07:53:07 | INFO | __main__:train:120) - [1, 3] loss: 0.8288865089416504
2023-03-25 07:53:12 | INFO | __main__:train:120) - [1, 4] loss: 0.8288865685462952
2023-03-25 07:53:18 | INFO | __main__:train:120) - [1, 5] loss: 0.7507616281509399
2023-03-25 07:53:23 | INFO | __main__:train:120) - [1, 6] loss: 0.7195116877555847
2023-03-25 07:53:28 | INFO | __main__:train:120) - [1, 7] loss: 0.7038866281509399
2023-03-25 07:53:33 | INFO | __main__:train:120) - [1, 8] loss: 0.8132615685462952
2023-03-25 07:53:39 | INFO | __main__:train:120) - [1, 9] loss: 0.7976365089416504
2023-03-25 07:53:44 | INFO | __main__:train:120) - [1, 10] loss: 0.7038866877555847
2023-03-25 07:53:49 | INFO | __main__:train:120) - [1, 11] loss: 0.7351365685462952
2023-03-25 07:53:55 | INFO | __main__:train:120) - [1, 12] loss: 0.8601365089416504
2023-03-25 07:54:00 | INFO | __main__:train:120) - [1, 13] loss: 0.7820115089416504
2023-03-25 07:54:06 | INFO | __main__:train:120) - [1, 14] loss: 0.7038866877555847
2023-03-25 07:54:11 | INFO | __main__:train:120) - [1, 15] loss: 0.7976365089416504
2023-03-25 07:54:16 | INFO | __main__:train:120) - [1, 16] loss: 0.8601365685462952
2023-03-25 07:54:22 | INFO | __main__:train:120) - [1, 17] loss: 0.7351366281509399
2023-03-25 07:54:27 | INFO | __main__:train:120) - [1, 18] loss: 0.7976365685462952
2023-03-25 07:54:32 | INFO | __main__:train:120) - [1, 19] loss: 0.8445115685462952
2023-03-25 07:54:38 | INFO | __main__:train:120) - [1, 20] loss: 0.9070115685462952
2023-03-25 07:54:43 | INFO | __main__:train:120) - [1, 21] loss: 0.8288866281509399
2023-03-25 07:54:47 | INFO | __main__:train:120) - [1, 22] loss: 0.7732620239257812
2023-03-25 07:55:13 | INFO | __main__:train:180) - Accuracy PE: 52 %
2023-03-25 07:55:13 | INFO | __main__:train:185) - F1 Score PE: 0.3607406769071676
2023-03-25 07:55:13 | INFO | __main__:train:82) - ---Epoch 2/5---
2023-03-25 07:55:19 | INFO | __main__:train:120) - [2, 1] loss: 0.6882616281509399
2023-03-25 07:55:25 | INFO | __main__:train:120) - [2, 2] loss: 0.8445115685462952
2023-03-25 07:55:31 | INFO | __main__:train:120) - [2, 3] loss: 0.8913865685462952
2023-03-25 07:55:37 | INFO | __main__:train:120) - [2, 4] loss: 0.6882617473602295
2023-03-25 07:55:42 | INFO | __main__:train:120) - [2, 5] loss: 0.6570116877555847
2023-03-25 07:55:48 | INFO | __main__:train:120) - [2, 6] loss: 0.7507616281509399
2023-03-25 07:55:54 | INFO | __main__:train:120) - [2, 7] loss: 0.7195116281509399
2023-03-25 07:55:59 | INFO | __main__:train:120) - [2, 8] loss: 0.7820116281509399
2023-03-25 07:56:05 | INFO | __main__:train:120) - [2, 9] loss: 0.8132615685462952
2023-03-25 07:56:11 | INFO | __main__:train:120) - [2, 10] loss: 0.8132615685462952
2023-03-25 07:56:17 | INFO | __main__:train:120) - [2, 11] loss: 0.7976366281509399
2023-03-25 07:56:23 | INFO | __main__:train:120) - [2, 12] loss: 0.7976365685462952
2023-03-25 07:56:28 | INFO | __main__:train:120) - [2, 13] loss: 0.9070115089416504
2023-03-25 07:56:34 | INFO | __main__:train:120) - [2, 14] loss: 0.7038866281509399
2023-03-25 07:56:41 | INFO | __main__:train:120) - [2, 15] loss: 0.7976366281509399
2023-03-25 07:56:47 | INFO | __main__:train:120) - [2, 16] loss: 0.8132615685462952
2023-03-25 07:56:54 | INFO | __main__:train:120) - [2, 17] loss: 0.8132616281509399
2023-03-25 07:57:00 | INFO | __main__:train:120) - [2, 18] loss: 0.7820115089416504
2023-03-25 07:57:06 | INFO | __main__:train:120) - [2, 19] loss: 0.7976365685462952
2023-03-25 07:57:12 | INFO | __main__:train:120) - [2, 20] loss: 0.7195115685462952
2023-03-25 07:57:18 | INFO | __main__:train:120) - [2, 21] loss: 0.8757615089416504
2023-03-25 07:57:23 | INFO | __main__:train:120) - [2, 22] loss: 0.9532620906829834
2023-03-25 07:57:51 | INFO | __main__:train:180) - Accuracy PE: 52 %
2023-03-25 07:57:51 | INFO | __main__:train:185) - F1 Score PE: 0.3607406769071676
2023-03-25 07:57:51 | INFO | __main__:train:82) - ---Epoch 3/5---
2023-03-25 07:57:57 | INFO | __main__:train:120) - [3, 1] loss: 0.7820115685462952
2023-03-25 07:58:03 | INFO | __main__:train:120) - [3, 2] loss: 0.8913865089416504
2023-03-25 07:58:08 | INFO | __main__:train:120) - [3, 3] loss: 0.7663866877555847
2023-03-25 07:58:14 | INFO | __main__:train:120) - [3, 4] loss: 0.7820115685462952
2023-03-25 07:58:19 | INFO | __main__:train:120) - [3, 5] loss: 0.7507616281509399
