2023-03-26 21:45:17 | INFO | __main__:run:222) - {'seed': 1, 'batch': 64, 'epochs': 5, 'channel': 3, 'width': 256, 'height': 256, 'lr': 0.0001, 'decay': 0.01, 'grad_accumulate': 10, 'dropout': 0.2, 'fold': 5, 'experiment': 10, 'aug': False, 'download': False, 'gpu': '7', 'densenet': False, 'resnet': False, 'vgg': True, 'config': 'None', 'model_name': 'vgg', 'model': <class 'lglutide.architectures.vgg.VGG16'>, 'model_params': {'num_features': 3, 'num_classes': 2}}
2023-03-26 21:45:17 | INFO | __main__:train:35) - Device: cuda
2023-03-26 21:45:22 | INFO | __main__:train:39) - Number of model parameters: 165.726018 M
2023-03-26 21:45:22 | INFO | lglutide.make_data:make_annotations:82) - Annotations file already exists!
2023-03-26 21:45:22 | INFO | __main__:train:53) - Training Started ...
2023-03-26 21:45:22 | INFO | __main__:train:60) - Fold: 0
2023-03-26 21:45:22 | INFO | __main__:train:61) - ========
2023-03-26 21:45:22 | INFO | __main__:train:84) - ---Epoch 1/5---
2023-03-26 21:45:29 | INFO | __main__:train:122) - [1, 1] loss: 0.8109880089759827
2023-03-26 21:45:36 | INFO | __main__:train:122) - [1, 2] loss: 0.843087911605835
2023-03-26 21:45:42 | INFO | __main__:train:122) - [1, 3] loss: 0.7670921087265015
2023-03-26 21:45:48 | INFO | __main__:train:122) - [1, 4] loss: 0.8167433142662048
2023-03-26 21:45:54 | INFO | __main__:train:122) - [1, 5] loss: 0.7522494792938232
2023-03-26 21:46:00 | INFO | __main__:train:122) - [1, 6] loss: 0.7507221698760986
2023-03-26 21:46:06 | INFO | __main__:train:122) - [1, 7] loss: 0.8132615685462952
2023-03-26 21:46:12 | INFO | __main__:train:122) - [1, 8] loss: 0.7976365685462952
2023-03-26 21:46:18 | INFO | __main__:train:122) - [1, 9] loss: 0.7663866281509399
2023-03-26 21:46:24 | INFO | __main__:train:122) - [1, 10] loss: 0.7663865685462952
2023-03-26 21:46:30 | INFO | __main__:train:122) - [1, 11] loss: 0.8132616281509399
2023-03-26 21:46:35 | INFO | __main__:train:122) - [1, 12] loss: 0.8445115089416504
2023-03-26 21:46:41 | INFO | __main__:train:122) - [1, 13] loss: 0.7663866877555847
2023-03-26 21:46:47 | INFO | __main__:train:122) - [1, 14] loss: 0.7820116281509399
2023-03-26 21:46:53 | INFO | __main__:train:122) - [1, 15] loss: 0.8757615089416504
2023-03-26 21:46:59 | INFO | __main__:train:122) - [1, 16] loss: 0.7038866281509399
2023-03-26 21:47:04 | INFO | __main__:train:122) - [1, 17] loss: 0.9070114493370056
2023-03-26 21:47:10 | INFO | __main__:train:122) - [1, 18] loss: 0.8132615685462952
2023-03-26 21:47:16 | INFO | __main__:train:122) - [1, 19] loss: 0.8288865685462952
2023-03-26 21:47:22 | INFO | __main__:train:122) - [1, 20] loss: 0.7507616281509399
2023-03-26 21:47:28 | INFO | __main__:train:122) - [1, 21] loss: 0.7663866281509399
2023-03-26 21:47:32 | INFO | __main__:train:122) - [1, 22] loss: 0.773262083530426
2023-03-26 21:47:57 | INFO | __main__:train:182) - Accuracy PE: 52 %
2023-03-26 21:47:57 | INFO | __main__:train:187) - F1 Score PE: 0.3607406769071676
2023-03-26 21:47:57 | INFO | __main__:train:84) - ---Epoch 2/5---
2023-03-26 21:48:03 | INFO | __main__:train:122) - [2, 1] loss: 0.8757615685462952
2023-03-26 21:48:09 | INFO | __main__:train:122) - [2, 2] loss: 0.7507616281509399
2023-03-26 21:48:15 | INFO | __main__:train:122) - [2, 3] loss: 0.7663866281509399
2023-03-26 21:48:21 | INFO | __main__:train:122) - [2, 4] loss: 0.8445115685462952
2023-03-26 21:48:26 | INFO | __main__:train:122) - [2, 5] loss: 0.9226365089416504
2023-03-26 21:48:32 | INFO | __main__:train:122) - [2, 6] loss: 0.9070115089416504
2023-03-26 21:48:37 | INFO | __main__:train:122) - [2, 7] loss: 0.7976365089416504
2023-03-26 21:48:42 | INFO | __main__:train:122) - [2, 8] loss: 0.7507616281509399
2023-03-26 21:48:47 | INFO | __main__:train:122) - [2, 9] loss: 0.7976365685462952
2023-03-26 21:48:53 | INFO | __main__:train:122) - [2, 10] loss: 0.6726367473602295
2023-03-26 21:48:58 | INFO | __main__:train:122) - [2, 11] loss: 0.8132615685462952
2023-03-26 21:49:03 | INFO | __main__:train:122) - [2, 12] loss: 0.7351366281509399
2023-03-26 21:49:08 | INFO | __main__:train:122) - [2, 13] loss: 0.8445115685462952
2023-03-26 21:49:13 | INFO | __main__:train:122) - [2, 14] loss: 0.7820116281509399
2023-03-26 21:49:18 | INFO | __main__:train:122) - [2, 15] loss: 0.7976366281509399
2023-03-26 21:49:23 | INFO | __main__:train:122) - [2, 16] loss: 0.6726366281509399
2023-03-26 21:49:28 | INFO | __main__:train:122) - [2, 17] loss: 0.6726366877555847
2023-03-26 21:49:33 | INFO | __main__:train:122) - [2, 18] loss: 0.7507615685462952
2023-03-26 21:49:38 | INFO | __main__:train:122) - [2, 19] loss: 0.7507616281509399
2023-03-26 21:49:43 | INFO | __main__:train:122) - [2, 20] loss: 0.8445115089416504
2023-03-26 21:49:48 | INFO | __main__:train:122) - [2, 21] loss: 0.8288865089416504
2023-03-26 21:49:53 | INFO | __main__:train:122) - [2, 22] loss: 0.7932621836662292
2023-03-26 21:50:17 | INFO | __main__:train:182) - Accuracy PE: 52 %
2023-03-26 21:50:17 | INFO | __main__:train:187) - F1 Score PE: 0.3607406769071676
2023-03-26 21:50:17 | INFO | __main__:train:84) - ---Epoch 3/5---
2023-03-26 21:50:23 | INFO | __main__:train:122) - [3, 1] loss: 0.7820116281509399
2023-03-26 21:50:29 | INFO | __main__:train:122) - [3, 2] loss: 0.7663865685462952
2023-03-26 21:50:35 | INFO | __main__:train:122) - [3, 3] loss: 0.7663866281509399
2023-03-26 21:50:41 | INFO | __main__:train:122) - [3, 4] loss: 0.8132616281509399
2023-03-26 21:50:47 | INFO | __main__:train:122) - [3, 5] loss: 0.7195116281509399
2023-03-26 21:50:53 | INFO | __main__:train:122) - [3, 6] loss: 0.7976365685462952
2023-03-26 21:50:59 | INFO | __main__:train:122) - [3, 7] loss: 0.8288865089416504
2023-03-26 21:51:05 | INFO | __main__:train:122) - [3, 8] loss: 0.7820115685462952
2023-03-26 21:51:11 | INFO | __main__:train:122) - [3, 9] loss: 0.6882616877555847
2023-03-26 21:51:17 | INFO | __main__:train:122) - [3, 10] loss: 0.6726366877555847
2023-03-26 21:51:23 | INFO | __main__:train:122) - [3, 11] loss: 0.8913865089416504
2023-03-26 21:51:29 | INFO | __main__:train:122) - [3, 12] loss: 0.9070115089416504
2023-03-26 21:51:35 | INFO | __main__:train:122) - [3, 13] loss: 0.8288866281509399
2023-03-26 21:51:41 | INFO | __main__:train:122) - [3, 14] loss: 0.7976365685462952
2023-03-26 21:51:47 | INFO | __main__:train:122) - [3, 15] loss: 0.7976366281509399
2023-03-26 21:51:53 | INFO | __main__:train:122) - [3, 16] loss: 0.6882616281509399
2023-03-26 21:51:59 | INFO | __main__:train:122) - [3, 17] loss: 0.7663865685462952
2023-03-26 21:52:05 | INFO | __main__:train:122) - [3, 18] loss: 0.7507615685462952
2023-03-26 21:52:11 | INFO | __main__:train:122) - [3, 19] loss: 0.7976365685462952
2023-03-26 21:52:17 | INFO | __main__:train:122) - [3, 20] loss: 0.7820022106170654
2023-03-26 21:52:23 | INFO | __main__:train:122) - [3, 21] loss: 0.8601365685462952
2023-03-26 21:52:28 | INFO | __main__:train:122) - [3, 22] loss: 0.9132621884346008
2023-03-26 21:52:53 | INFO | __main__:train:182) - Accuracy PE: 52 %
2023-03-26 21:52:53 | INFO | __main__:train:187) - F1 Score PE: 0.3607406769071676
2023-03-26 21:52:53 | INFO | __main__:train:84) - ---Epoch 4/5---
2023-03-26 21:52:59 | INFO | __main__:train:122) - [4, 1] loss: 0.7976365685462952
2023-03-26 21:53:05 | INFO | __main__:train:122) - [4, 2] loss: 0.7820008397102356
2023-03-26 21:53:11 | INFO | __main__:train:122) - [4, 3] loss: 0.7663865685462952
2023-03-26 21:53:17 | INFO | __main__:train:122) - [4, 4] loss: 0.7976365089416504
2023-03-26 21:53:23 | INFO | __main__:train:122) - [4, 5] loss: 0.7507616877555847
2023-03-26 21:53:29 | INFO | __main__:train:122) - [4, 6] loss: 0.8601365089416504
2023-03-26 21:53:35 | INFO | __main__:train:122) - [4, 7] loss: 0.7820115685462952
2023-03-26 21:53:41 | INFO | __main__:train:122) - [4, 8] loss: 0.8132615685462952
2023-03-26 21:53:47 | INFO | __main__:train:122) - [4, 9] loss: 0.7976365685462952
2023-03-26 21:53:53 | INFO | __main__:train:122) - [4, 10] loss: 0.7976366281509399
2023-03-26 21:53:58 | INFO | __main__:train:122) - [4, 11] loss: 0.8288865089416504
2023-03-26 21:54:04 | INFO | __main__:train:122) - [4, 12] loss: 0.7976365685462952
2023-03-26 21:54:10 | INFO | __main__:train:122) - [4, 13] loss: 0.7976366281509399
2023-03-26 21:54:16 | INFO | __main__:train:122) - [4, 14] loss: 0.7195116281509399
2023-03-26 21:54:22 | INFO | __main__:train:122) - [4, 15] loss: 0.7195116281509399
2023-03-26 21:54:28 | INFO | __main__:train:122) - [4, 16] loss: 0.7507615685462952
2023-03-26 21:54:34 | INFO | __main__:train:122) - [4, 17] loss: 0.8601365685462952
2023-03-26 21:54:40 | INFO | __main__:train:122) - [4, 18] loss: 0.7663865685462952
2023-03-26 21:54:46 | INFO | __main__:train:122) - [4, 19] loss: 0.7507616281509399
2023-03-26 21:54:51 | INFO | __main__:train:122) - [4, 20] loss: 0.8288865685462952
2023-03-26 21:54:57 | INFO | __main__:train:122) - [4, 21] loss: 0.7820115089416504
2023-03-26 21:55:02 | INFO | __main__:train:122) - [4, 22] loss: 0.8332620859146118
2023-03-26 21:55:29 | INFO | __main__:train:182) - Accuracy PE: 52 %
2023-03-26 21:55:29 | INFO | __main__:train:187) - F1 Score PE: 0.3607406769071676
2023-03-26 21:55:29 | INFO | __main__:train:84) - ---Epoch 5/5---
2023-03-26 21:55:35 | INFO | __main__:train:122) - [5, 1] loss: 0.7351366281509399
2023-03-26 21:55:41 | INFO | __main__:train:122) - [5, 2] loss: 0.7351366281509399
2023-03-26 21:55:47 | INFO | __main__:train:122) - [5, 3] loss: 0.8913865685462952
2023-03-26 21:55:53 | INFO | __main__:train:122) - [5, 4] loss: 0.8445115685462952
2023-03-26 21:55:59 | INFO | __main__:train:122) - [5, 5] loss: 0.8445115685462952
2023-03-26 21:56:05 | INFO | __main__:train:122) - [5, 6] loss: 0.7351366281509399
2023-03-26 21:56:11 | INFO | __main__:train:122) - [5, 7] loss: 0.8132595419883728
2023-03-26 21:56:17 | INFO | __main__:train:122) - [5, 8] loss: 0.7351366877555847
2023-03-26 21:56:23 | INFO | __main__:train:122) - [5, 9] loss: 0.7663865089416504
2023-03-26 21:56:29 | INFO | __main__:train:122) - [5, 10] loss: 0.8601365089416504
2023-03-26 21:56:35 | INFO | __main__:train:122) - [5, 11] loss: 0.7959719896316528
2023-03-26 21:56:41 | INFO | __main__:train:122) - [5, 12] loss: 0.9226365089416504
2023-03-26 21:56:47 | INFO | __main__:train:122) - [5, 13] loss: 0.7507616877555847
2023-03-26 21:56:52 | INFO | __main__:train:122) - [5, 14] loss: 0.7351366281509399
2023-03-26 21:56:58 | INFO | __main__:train:122) - [5, 15] loss: 0.7195116281509399
2023-03-26 21:57:04 | INFO | __main__:train:122) - [5, 16] loss: 0.7663866281509399
2023-03-26 21:57:10 | INFO | __main__:train:122) - [5, 17] loss: 0.8132615685462952
2023-03-26 21:57:16 | INFO | __main__:train:122) - [5, 18] loss: 0.7663865685462952
2023-03-26 21:57:22 | INFO | __main__:train:122) - [5, 19] loss: 0.7820116281509399
2023-03-26 21:57:28 | INFO | __main__:train:122) - [5, 20] loss: 0.7351366281509399
2023-03-26 21:57:34 | INFO | __main__:train:122) - [5, 21] loss: 0.8288862109184265
2023-03-26 21:57:38 | INFO | __main__:train:122) - [5, 22] loss: 0.7932619452476501
2023-03-26 21:58:04 | INFO | __main__:train:182) - Accuracy PE: 52 %
2023-03-26 21:58:04 | INFO | __main__:train:187) - F1 Score PE: 0.3607406769071676
2023-03-26 21:58:05 | INFO | __main__:train:60) - Fold: 1
2023-03-26 21:58:05 | INFO | __main__:train:61) - ========
2023-03-26 21:58:05 | INFO | __main__:train:84) - ---Epoch 1/5---
2023-03-26 21:58:11 | INFO | __main__:train:122) - [1, 1] loss: 0.7976366281509399
2023-03-26 21:58:17 | INFO | __main__:train:122) - [1, 2] loss: 0.6413867473602295
2023-03-26 21:58:23 | INFO | __main__:train:122) - [1, 3] loss: 0.8601365685462952
2023-03-26 21:58:28 | INFO | __main__:train:122) - [1, 4] loss: 0.7820115685462952
2023-03-26 21:58:34 | INFO | __main__:train:122) - [1, 5] loss: 0.8133081197738647
2023-03-26 21:58:40 | INFO | __main__:train:122) - [1, 6] loss: 0.7663865685462952
2023-03-26 21:58:46 | INFO | __main__:train:122) - [1, 7] loss: 0.7601603865623474
2023-03-26 21:58:52 | INFO | __main__:train:122) - [1, 8] loss: 0.813261091709137
2023-03-26 21:58:58 | INFO | __main__:train:122) - [1, 9] loss: 0.8132597804069519
2023-03-26 21:59:03 | INFO | __main__:train:122) - [1, 10] loss: 0.78200763463974
2023-03-26 21:59:09 | INFO | __main__:train:122) - [1, 11] loss: 0.7976364493370056
2023-03-26 21:59:15 | INFO | __main__:train:122) - [1, 12] loss: 0.8132404685020447
2023-03-26 21:59:21 | INFO | __main__:train:122) - [1, 13] loss: 0.7976018190383911
2023-03-26 21:59:27 | INFO | __main__:train:122) - [1, 14] loss: 0.8445122838020325
2023-03-26 21:59:33 | INFO | __main__:train:122) - [1, 15] loss: 0.860138475894928
2023-03-26 21:59:38 | INFO | __main__:train:122) - [1, 16] loss: 0.7976298332214355
2023-03-26 21:59:44 | INFO | __main__:train:122) - [1, 17] loss: 0.7663984298706055
2023-03-26 21:59:50 | INFO | __main__:train:122) - [1, 18] loss: 0.7038916349411011
2023-03-26 21:59:56 | INFO | __main__:train:122) - [1, 19] loss: 0.7820762991905212
2023-03-26 22:00:02 | INFO | __main__:train:122) - [1, 20] loss: 0.8131171464920044
2023-03-26 22:00:08 | INFO | __main__:train:122) - [1, 21] loss: 0.7628090977668762
2023-03-26 22:00:12 | INFO | __main__:train:122) - [1, 22] loss: 0.7938657999038696
2023-03-26 22:00:38 | INFO | __main__:train:182) - Accuracy PE: 52 %
2023-03-26 22:00:38 | INFO | __main__:train:187) - F1 Score PE: 0.3607406769071676
2023-03-26 22:00:38 | INFO | __main__:train:84) - ---Epoch 2/5---
2023-03-26 22:00:44 | INFO | __main__:train:122) - [2, 1] loss: 0.8599419593811035
2023-03-26 22:00:49 | INFO | __main__:train:122) - [2, 2] loss: 0.6882852911949158
2023-03-26 22:00:55 | INFO | __main__:train:122) - [2, 3] loss: 0.7346096634864807
2023-03-26 22:01:01 | INFO | __main__:train:122) - [2, 4] loss: 0.9220566749572754
2023-03-26 22:01:07 | INFO | __main__:train:122) - [2, 5] loss: 0.8350560069084167
2023-03-26 22:01:13 | INFO | __main__:train:122) - [2, 6] loss: 0.8596380352973938
2023-03-26 22:01:19 | INFO | __main__:train:122) - [2, 7] loss: 0.813261866569519
2023-03-26 22:01:25 | INFO | __main__:train:122) - [2, 8] loss: 0.8153831958770752
2023-03-26 22:01:30 | INFO | __main__:train:122) - [2, 9] loss: 0.704490065574646
2023-03-26 22:01:36 | INFO | __main__:train:122) - [2, 10] loss: 0.8446042537689209
2023-03-26 22:01:42 | INFO | __main__:train:122) - [2, 11] loss: 0.7324754595756531
2023-03-26 22:01:48 | INFO | __main__:train:122) - [2, 12] loss: 0.8220632076263428
2023-03-26 22:01:54 | INFO | __main__:train:122) - [2, 13] loss: 0.7786300778388977
2023-03-26 22:02:00 | INFO | __main__:train:122) - [2, 14] loss: 0.7801210284233093
2023-03-26 22:02:06 | INFO | __main__:train:122) - [2, 15] loss: 0.6873709559440613
2023-03-26 22:02:12 | INFO | __main__:train:122) - [2, 16] loss: 0.8371530175209045
2023-03-26 22:02:18 | INFO | __main__:train:122) - [2, 17] loss: 0.7339215278625488
2023-03-26 22:02:23 | INFO | __main__:train:122) - [2, 18] loss: 0.6571357846260071
2023-03-26 22:02:29 | INFO | __main__:train:122) - [2, 19] loss: 0.6936187744140625
2023-03-26 22:02:35 | INFO | __main__:train:122) - [2, 20] loss: 0.6891825199127197
2023-03-26 22:02:41 | INFO | __main__:train:122) - [2, 21] loss: 0.690325915813446
2023-03-26 22:02:45 | INFO | __main__:train:122) - [2, 22] loss: 0.6882324814796448
2023-03-26 22:03:13 | INFO | __main__:train:182) - Accuracy PE: 53 %
2023-03-26 22:03:13 | INFO | __main__:train:187) - F1 Score PE: 0.5060434403230523
2023-03-26 22:03:13 | INFO | __main__:train:84) - ---Epoch 3/5---
2023-03-26 22:03:19 | INFO | __main__:train:122) - [3, 1] loss: 0.6894071698188782
2023-03-26 22:03:25 | INFO | __main__:train:122) - [3, 2] loss: 0.6787009835243225
2023-03-26 22:03:30 | INFO | __main__:train:122) - [3, 3] loss: 0.6875399351119995
2023-03-26 22:03:35 | INFO | __main__:train:122) - [3, 4] loss: 0.699493944644928
2023-03-26 22:03:41 | INFO | __main__:train:122) - [3, 5] loss: 0.6785684823989868
2023-03-26 22:03:45 | INFO | __main__:train:122) - [3, 6] loss: 0.665181040763855
2023-03-26 22:03:50 | INFO | __main__:train:122) - [3, 7] loss: 0.6208893060684204
2023-03-26 22:03:55 | INFO | __main__:train:122) - [3, 8] loss: 0.6673417091369629
2023-03-26 22:04:00 | INFO | __main__:train:122) - [3, 9] loss: 0.6861386299133301
2023-03-26 22:04:05 | INFO | __main__:train:122) - [3, 10] loss: 0.7011391520500183
2023-03-26 22:04:10 | INFO | __main__:train:122) - [3, 11] loss: 0.6774893403053284
2023-03-26 22:04:15 | INFO | __main__:train:122) - [3, 12] loss: 0.6561949253082275
2023-03-26 22:04:21 | INFO | __main__:train:122) - [3, 13] loss: 0.673352062702179
2023-03-26 22:04:26 | INFO | __main__:train:122) - [3, 14] loss: 0.6814574003219604
2023-03-26 22:04:31 | INFO | __main__:train:122) - [3, 15] loss: 0.6790932416915894
2023-03-26 22:04:36 | INFO | __main__:train:122) - [3, 16] loss: 0.669439971446991
2023-03-26 22:04:41 | INFO | __main__:train:122) - [3, 17] loss: 0.6538127064704895
2023-03-26 22:04:46 | INFO | __main__:train:122) - [3, 18] loss: 0.6803246140480042
2023-03-26 22:04:51 | INFO | __main__:train:122) - [3, 19] loss: 0.6912333965301514
2023-03-26 22:04:56 | INFO | __main__:train:122) - [3, 20] loss: 0.6357689499855042
2023-03-26 22:05:01 | INFO | __main__:train:122) - [3, 21] loss: 0.6504631042480469
2023-03-26 22:05:05 | INFO | __main__:train:122) - [3, 22] loss: 0.6612464785575867
2023-03-26 22:05:30 | INFO | __main__:train:182) - Accuracy PE: 62 %
2023-03-26 22:05:30 | INFO | __main__:train:187) - F1 Score PE: 0.6243014907568991
2023-03-26 22:05:30 | INFO | __main__:train:84) - ---Epoch 4/5---
2023-03-26 22:05:36 | INFO | __main__:train:122) - [4, 1] loss: 0.6209881901741028
2023-03-26 22:05:42 | INFO | __main__:train:122) - [4, 2] loss: 0.6553618907928467
2023-03-26 22:05:48 | INFO | __main__:train:122) - [4, 3] loss: 0.6207873821258545
2023-03-26 22:05:53 | INFO | __main__:train:122) - [4, 4] loss: 0.6729668974876404
2023-03-26 22:05:59 | INFO | __main__:train:122) - [4, 5] loss: 0.6222283840179443
2023-03-26 22:06:05 | INFO | __main__:train:122) - [4, 6] loss: 0.6422230005264282
2023-03-26 22:06:11 | INFO | __main__:train:122) - [4, 7] loss: 0.6005164980888367
2023-03-26 22:06:17 | INFO | __main__:train:122) - [4, 8] loss: 0.5496261119842529
2023-03-26 22:06:23 | INFO | __main__:train:122) - [4, 9] loss: 0.5926862359046936
2023-03-26 22:06:29 | INFO | __main__:train:122) - [4, 10] loss: 0.6358135938644409
2023-03-26 22:06:35 | INFO | __main__:train:122) - [4, 11] loss: 0.6794312000274658
2023-03-26 22:06:40 | INFO | __main__:train:122) - [4, 12] loss: 0.5930798053741455
2023-03-26 22:06:46 | INFO | __main__:train:122) - [4, 13] loss: 0.5892764329910278
2023-03-26 22:06:52 | INFO | __main__:train:122) - [4, 14] loss: 0.5068150162696838
2023-03-26 22:06:58 | INFO | __main__:train:122) - [4, 15] loss: 0.5426759123802185
2023-03-26 22:07:04 | INFO | __main__:train:122) - [4, 16] loss: 0.513948380947113
2023-03-26 22:07:10 | INFO | __main__:train:122) - [4, 17] loss: 0.5034317374229431
2023-03-26 22:07:16 | INFO | __main__:train:122) - [4, 18] loss: 0.6413996815681458
2023-03-26 22:07:21 | INFO | __main__:train:122) - [4, 19] loss: 0.6279714703559875
2023-03-26 22:07:27 | INFO | __main__:train:122) - [4, 20] loss: 0.5544546246528625
2023-03-26 22:07:33 | INFO | __main__:train:122) - [4, 21] loss: 0.5361146926879883
2023-03-26 22:07:38 | INFO | __main__:train:122) - [4, 22] loss: 0.5609582662582397
2023-03-26 22:08:04 | INFO | __main__:train:182) - Accuracy PE: 78 %
2023-03-26 22:08:04 | INFO | __main__:train:187) - F1 Score PE: 0.7879656160458453
2023-03-26 22:08:04 | INFO | __main__:train:84) - ---Epoch 5/5---
2023-03-26 22:08:10 | INFO | __main__:train:122) - [5, 1] loss: 0.5228714942932129
2023-03-26 22:08:16 | INFO | __main__:train:122) - [5, 2] loss: 0.5998472571372986
2023-03-26 22:08:21 | INFO | __main__:train:122) - [5, 3] loss: 0.5441731810569763
2023-03-26 22:08:26 | INFO | __main__:train:122) - [5, 4] loss: 0.48185133934020996
2023-03-26 22:08:32 | INFO | __main__:train:122) - [5, 5] loss: 0.5405701398849487
2023-03-26 22:08:37 | INFO | __main__:train:122) - [5, 6] loss: 0.5557395815849304
2023-03-26 22:08:43 | INFO | __main__:train:122) - [5, 7] loss: 0.514056921005249
2023-03-26 22:08:48 | INFO | __main__:train:122) - [5, 8] loss: 0.5950067639350891
2023-03-26 22:08:52 | INFO | __main__:train:122) - [5, 9] loss: 0.5539818406105042
2023-03-26 22:08:58 | INFO | __main__:train:122) - [5, 10] loss: 0.46294012665748596
2023-03-26 22:09:03 | INFO | __main__:train:122) - [5, 11] loss: 0.4751809239387512
2023-03-26 22:09:09 | INFO | __main__:train:122) - [5, 12] loss: 0.6033435463905334
2023-03-26 22:09:15 | INFO | __main__:train:122) - [5, 13] loss: 0.5818876624107361
2023-03-26 22:09:20 | INFO | __main__:train:122) - [5, 14] loss: 0.6022258996963501
2023-03-26 22:09:25 | INFO | __main__:train:122) - [5, 15] loss: 0.5024114847183228
2023-03-26 22:09:31 | INFO | __main__:train:122) - [5, 16] loss: 0.49184665083885193
2023-03-26 22:09:36 | INFO | __main__:train:122) - [5, 17] loss: 0.5936720371246338
2023-03-26 22:09:42 | INFO | __main__:train:122) - [5, 18] loss: 0.5158244371414185
2023-03-26 22:09:47 | INFO | __main__:train:122) - [5, 19] loss: 0.5388014316558838
2023-03-26 22:09:53 | INFO | __main__:train:122) - [5, 20] loss: 0.5230852961540222
2023-03-26 22:09:59 | INFO | __main__:train:122) - [5, 21] loss: 0.5754902958869934
2023-03-26 22:10:03 | INFO | __main__:train:122) - [5, 22] loss: 0.4907388389110565
2023-03-26 22:10:28 | INFO | __main__:train:182) - Accuracy PE: 79 %
2023-03-26 22:10:28 | INFO | __main__:train:187) - F1 Score PE: 0.7995455773832
2023-03-26 22:10:29 | INFO | __main__:train:60) - Fold: 2
2023-03-26 22:10:29 | INFO | __main__:train:61) - ========
2023-03-26 22:10:29 | INFO | __main__:train:84) - ---Epoch 1/5---
2023-03-26 22:10:35 | INFO | __main__:train:122) - [1, 1] loss: 0.4425204396247864
2023-03-26 22:10:41 | INFO | __main__:train:122) - [1, 2] loss: 0.536833643913269
2023-03-26 22:10:47 | INFO | __main__:train:122) - [1, 3] loss: 0.42454174160957336
2023-03-26 22:10:52 | INFO | __main__:train:122) - [1, 4] loss: 0.5084174871444702
2023-03-26 22:10:57 | INFO | __main__:train:122) - [1, 5] loss: 0.4904576539993286
2023-03-26 22:11:02 | INFO | __main__:train:122) - [1, 6] loss: 0.5253152251243591
2023-03-26 22:11:07 | INFO | __main__:train:122) - [1, 7] loss: 0.47365882992744446
2023-03-26 22:11:12 | INFO | __main__:train:122) - [1, 8] loss: 0.514359712600708
2023-03-26 22:11:18 | INFO | __main__:train:122) - [1, 9] loss: 0.4949361979961395
2023-03-26 22:11:22 | INFO | __main__:train:122) - [1, 10] loss: 0.509627640247345
2023-03-26 22:11:28 | INFO | __main__:train:122) - [1, 11] loss: 0.45797213912010193
2023-03-26 22:11:33 | INFO | __main__:train:122) - [1, 12] loss: 0.4363592565059662
2023-03-26 22:11:38 | INFO | __main__:train:122) - [1, 13] loss: 0.5196408033370972
2023-03-26 22:11:43 | INFO | __main__:train:122) - [1, 14] loss: 0.3642864227294922
2023-03-26 22:11:47 | INFO | __main__:train:122) - [1, 15] loss: 0.4404940903186798
2023-03-26 22:11:53 | INFO | __main__:train:122) - [1, 16] loss: 0.507348895072937
2023-03-26 22:11:58 | INFO | __main__:train:122) - [1, 17] loss: 0.5855565667152405
2023-03-26 22:12:03 | INFO | __main__:train:122) - [1, 18] loss: 0.5869134664535522
2023-03-26 22:12:08 | INFO | __main__:train:122) - [1, 19] loss: 0.5696434378623962
2023-03-26 22:12:14 | INFO | __main__:train:122) - [1, 20] loss: 0.541488528251648
2023-03-26 22:12:19 | INFO | __main__:train:122) - [1, 21] loss: 0.5414409637451172
2023-03-26 22:12:23 | INFO | __main__:train:122) - [1, 22] loss: 0.5664236545562744
2023-03-26 22:12:46 | INFO | __main__:train:182) - Accuracy PE: 81 %
2023-03-26 22:12:46 | INFO | __main__:train:187) - F1 Score PE: 0.8138179075495618
2023-03-26 22:12:46 | INFO | __main__:train:84) - ---Epoch 2/5---
2023-03-26 22:12:52 | INFO | __main__:train:122) - [2, 1] loss: 0.5107654333114624
2023-03-26 22:12:58 | INFO | __main__:train:122) - [2, 2] loss: 0.5102024078369141
2023-03-26 22:13:03 | INFO | __main__:train:122) - [2, 3] loss: 0.40660232305526733
2023-03-26 22:13:09 | INFO | __main__:train:122) - [2, 4] loss: 0.5195574760437012
2023-03-26 22:13:14 | INFO | __main__:train:122) - [2, 5] loss: 0.5012790560722351
2023-03-26 22:13:20 | INFO | __main__:train:122) - [2, 6] loss: 0.4620211720466614
2023-03-26 22:13:24 | INFO | __main__:train:122) - [2, 7] loss: 0.5222338438034058
2023-03-26 22:13:30 | INFO | __main__:train:122) - [2, 8] loss: 0.4984520673751831
2023-03-26 22:13:36 | INFO | __main__:train:122) - [2, 9] loss: 0.525147020816803
2023-03-26 22:13:42 | INFO | __main__:train:122) - [2, 10] loss: 0.5639216899871826
2023-03-26 22:13:47 | INFO | __main__:train:122) - [2, 11] loss: 0.5453539490699768
2023-03-26 22:13:53 | INFO | __main__:train:122) - [2, 12] loss: 0.5460058450698853
2023-03-26 22:13:58 | INFO | __main__:train:122) - [2, 13] loss: 0.4922455847263336
2023-03-26 22:14:04 | INFO | __main__:train:122) - [2, 14] loss: 0.48909130692481995
2023-03-26 22:14:09 | INFO | __main__:train:122) - [2, 15] loss: 0.520156741142273
2023-03-26 22:14:15 | INFO | __main__:train:122) - [2, 16] loss: 0.5124287605285645
2023-03-26 22:14:20 | INFO | __main__:train:122) - [2, 17] loss: 0.4696272909641266
2023-03-26 22:14:26 | INFO | __main__:train:122) - [2, 18] loss: 0.5581509470939636
2023-03-26 22:14:31 | INFO | __main__:train:122) - [2, 19] loss: 0.47865670919418335
2023-03-26 22:14:37 | INFO | __main__:train:122) - [2, 20] loss: 0.4186880588531494
2023-03-26 22:14:42 | INFO | __main__:train:122) - [2, 21] loss: 0.5374786853790283
2023-03-26 22:14:46 | INFO | __main__:train:122) - [2, 22] loss: 0.5006676912307739
2023-03-26 22:15:13 | INFO | __main__:train:182) - Accuracy PE: 82 %
2023-03-26 22:15:13 | INFO | __main__:train:187) - F1 Score PE: 0.8219533958906924
2023-03-26 22:15:13 | INFO | __main__:train:84) - ---Epoch 3/5---
2023-03-26 22:15:19 | INFO | __main__:train:122) - [3, 1] loss: 0.5604192018508911
2023-03-26 22:15:25 | INFO | __main__:train:122) - [3, 2] loss: 0.4452601373195648
2023-03-26 22:15:30 | INFO | __main__:train:122) - [3, 3] loss: 0.4271312952041626
2023-03-26 22:15:35 | INFO | __main__:train:122) - [3, 4] loss: 0.48332124948501587
2023-03-26 22:15:40 | INFO | __main__:train:122) - [3, 5] loss: 0.5071166157722473
2023-03-26 22:15:45 | INFO | __main__:train:122) - [3, 6] loss: 0.5030308961868286
2023-03-26 22:15:50 | INFO | __main__:train:122) - [3, 7] loss: 0.5021573305130005
2023-03-26 22:15:56 | INFO | __main__:train:122) - [3, 8] loss: 0.48358359932899475
2023-03-26 22:16:01 | INFO | __main__:train:122) - [3, 9] loss: 0.46759140491485596
2023-03-26 22:16:06 | INFO | __main__:train:122) - [3, 10] loss: 0.4627493917942047
2023-03-26 22:16:11 | INFO | __main__:train:122) - [3, 11] loss: 0.4960518479347229
2023-03-26 22:16:17 | INFO | __main__:train:122) - [3, 12] loss: 0.49299874901771545
2023-03-26 22:16:22 | INFO | __main__:train:122) - [3, 13] loss: 0.5238009095191956
2023-03-26 22:16:27 | INFO | __main__:train:122) - [3, 14] loss: 0.4262118339538574
2023-03-26 22:16:32 | INFO | __main__:train:122) - [3, 15] loss: 0.42401444911956787
2023-03-26 22:16:38 | INFO | __main__:train:122) - [3, 16] loss: 0.4873368740081787
2023-03-26 22:16:43 | INFO | __main__:train:122) - [3, 17] loss: 0.5227486491203308
2023-03-26 22:16:48 | INFO | __main__:train:122) - [3, 18] loss: 0.45641639828681946
2023-03-26 22:16:53 | INFO | __main__:train:122) - [3, 19] loss: 0.522050678730011
2023-03-26 22:16:58 | INFO | __main__:train:122) - [3, 20] loss: 0.478680819272995
2023-03-26 22:17:04 | INFO | __main__:train:122) - [3, 21] loss: 0.4731569290161133
2023-03-26 22:17:07 | INFO | __main__:train:122) - [3, 22] loss: 0.5742694735527039
2023-03-26 22:17:32 | INFO | __main__:train:182) - Accuracy PE: 81 %
2023-03-26 22:17:32 | INFO | __main__:train:187) - F1 Score PE: 0.8088988652743958
2023-03-26 22:17:32 | INFO | __main__:train:84) - ---Epoch 4/5---
2023-03-26 22:17:38 | INFO | __main__:train:122) - [4, 1] loss: 0.44982945919036865
2023-03-26 22:17:44 | INFO | __main__:train:122) - [4, 2] loss: 0.43472355604171753
2023-03-26 22:17:50 | INFO | __main__:train:122) - [4, 3] loss: 0.5238997340202332
2023-03-26 22:17:56 | INFO | __main__:train:122) - [4, 4] loss: 0.5216795206069946
2023-03-26 22:18:02 | INFO | __main__:train:122) - [4, 5] loss: 0.5298927426338196
2023-03-26 22:18:07 | INFO | __main__:train:122) - [4, 6] loss: 0.5483040809631348
2023-03-26 22:18:13 | INFO | __main__:train:122) - [4, 7] loss: 0.49285244941711426
2023-03-26 22:18:19 | INFO | __main__:train:122) - [4, 8] loss: 0.4366738498210907
2023-03-26 22:18:25 | INFO | __main__:train:122) - [4, 9] loss: 0.4858514964580536
2023-03-26 22:18:31 | INFO | __main__:train:122) - [4, 10] loss: 0.50957852602005
2023-03-26 22:18:37 | INFO | __main__:train:122) - [4, 11] loss: 0.4833869934082031
2023-03-26 22:18:42 | INFO | __main__:train:122) - [4, 12] loss: 0.5006726980209351
2023-03-26 22:18:48 | INFO | __main__:train:122) - [4, 13] loss: 0.5933710932731628
2023-03-26 22:18:54 | INFO | __main__:train:122) - [4, 14] loss: 0.5355328917503357
2023-03-26 22:19:00 | INFO | __main__:train:122) - [4, 15] loss: 0.39166945219039917
2023-03-26 22:19:06 | INFO | __main__:train:122) - [4, 16] loss: 0.4487229883670807
2023-03-26 22:19:11 | INFO | __main__:train:122) - [4, 17] loss: 0.44372227787971497
2023-03-26 22:19:17 | INFO | __main__:train:122) - [4, 18] loss: 0.41264644265174866
2023-03-26 22:19:24 | INFO | __main__:train:122) - [4, 19] loss: 0.43708381056785583
2023-03-26 22:19:30 | INFO | __main__:train:122) - [4, 20] loss: 0.4813034236431122
2023-03-26 22:19:36 | INFO | __main__:train:122) - [4, 21] loss: 0.4910367429256439
2023-03-26 22:19:40 | INFO | __main__:train:122) - [4, 22] loss: 0.4723513424396515
2023-03-26 22:20:08 | INFO | __main__:train:182) - Accuracy PE: 83 %
2023-03-26 22:20:08 | INFO | __main__:train:187) - F1 Score PE: 0.8336217753701877
2023-03-26 22:20:08 | INFO | __main__:train:84) - ---Epoch 5/5---
2023-03-26 22:20:13 | INFO | __main__:train:122) - [5, 1] loss: 0.5127646327018738
2023-03-26 22:20:19 | INFO | __main__:train:122) - [5, 2] loss: 0.421600878238678
2023-03-26 22:20:25 | INFO | __main__:train:122) - [5, 3] loss: 0.5510140657424927
2023-03-26 22:20:30 | INFO | __main__:train:122) - [5, 4] loss: 0.45769110321998596
2023-03-26 22:20:36 | INFO | __main__:train:122) - [5, 5] loss: 0.4737515151500702
2023-03-26 22:20:41 | INFO | __main__:train:122) - [5, 6] loss: 0.47700202465057373
2023-03-26 22:20:47 | INFO | __main__:train:122) - [5, 7] loss: 0.4982264041900635
2023-03-26 22:20:53 | INFO | __main__:train:122) - [5, 8] loss: 0.5104151964187622
2023-03-26 22:20:59 | INFO | __main__:train:122) - [5, 9] loss: 0.4782584309577942
2023-03-26 22:21:05 | INFO | __main__:train:122) - [5, 10] loss: 0.4941924512386322
2023-03-26 22:21:11 | INFO | __main__:train:122) - [5, 11] loss: 0.47907963395118713
2023-03-26 22:21:16 | INFO | __main__:train:122) - [5, 12] loss: 0.4988057613372803
2023-03-26 22:21:22 | INFO | __main__:train:122) - [5, 13] loss: 0.3969651758670807
2023-03-26 22:21:28 | INFO | __main__:train:122) - [5, 14] loss: 0.4948907196521759
2023-03-26 22:21:33 | INFO | __main__:train:122) - [5, 15] loss: 0.47986897826194763
2023-03-26 22:21:39 | INFO | __main__:train:122) - [5, 16] loss: 0.5102977156639099
2023-03-26 22:21:45 | INFO | __main__:train:122) - [5, 17] loss: 0.4815952777862549
2023-03-26 22:21:51 | INFO | __main__:train:122) - [5, 18] loss: 0.4323155879974365
2023-03-26 22:21:55 | INFO | __main__:train:122) - [5, 19] loss: 0.5265164375305176
2023-03-26 22:22:00 | INFO | __main__:train:122) - [5, 20] loss: 0.500596284866333
2023-03-26 22:22:06 | INFO | __main__:train:122) - [5, 21] loss: 0.5097427368164062
2023-03-26 22:22:10 | INFO | __main__:train:122) - [5, 22] loss: 0.4509769678115845
2023-03-26 22:22:36 | INFO | __main__:train:182) - Accuracy PE: 80 %
2023-03-26 22:22:36 | INFO | __main__:train:187) - F1 Score PE: 0.8050891939880072
2023-03-26 22:22:37 | INFO | __main__:train:60) - Fold: 3
2023-03-26 22:22:37 | INFO | __main__:train:61) - ========
2023-03-26 22:22:37 | INFO | __main__:train:84) - ---Epoch 1/5---
2023-03-26 22:22:43 | INFO | __main__:train:122) - [1, 1] loss: 0.4595355987548828
2023-03-26 22:22:48 | INFO | __main__:train:122) - [1, 2] loss: 0.49616798758506775
2023-03-26 22:22:54 | INFO | __main__:train:122) - [1, 3] loss: 0.5691136717796326
2023-03-26 22:23:00 | INFO | __main__:train:122) - [1, 4] loss: 0.4656955599784851
2023-03-26 22:23:06 | INFO | __main__:train:122) - [1, 5] loss: 0.4538927674293518
2023-03-26 22:23:12 | INFO | __main__:train:122) - [1, 6] loss: 0.5047754049301147
2023-03-26 22:23:18 | INFO | __main__:train:122) - [1, 7] loss: 0.44601815938949585
2023-03-26 22:23:23 | INFO | __main__:train:122) - [1, 8] loss: 0.47306832671165466
2023-03-26 22:23:29 | INFO | __main__:train:122) - [1, 9] loss: 0.4425237774848938
2023-03-26 22:23:35 | INFO | __main__:train:122) - [1, 10] loss: 0.4869963228702545
2023-03-26 22:23:41 | INFO | __main__:train:122) - [1, 11] loss: 0.5128687024116516
2023-03-26 22:23:47 | INFO | __main__:train:122) - [1, 12] loss: 0.43553993105888367
2023-03-26 22:23:52 | INFO | __main__:train:122) - [1, 13] loss: 0.5346230268478394
2023-03-26 22:23:58 | INFO | __main__:train:122) - [1, 14] loss: 0.4256417751312256
2023-03-26 22:24:04 | INFO | __main__:train:122) - [1, 15] loss: 0.5308498740196228
2023-03-26 22:24:10 | INFO | __main__:train:122) - [1, 16] loss: 0.5513107180595398
2023-03-26 22:24:16 | INFO | __main__:train:122) - [1, 17] loss: 0.48450368642807007
2023-03-26 22:24:22 | INFO | __main__:train:122) - [1, 18] loss: 0.43761709332466125
2023-03-26 22:24:27 | INFO | __main__:train:122) - [1, 19] loss: 0.4918707609176636
2023-03-26 22:24:33 | INFO | __main__:train:122) - [1, 20] loss: 0.4969361424446106
2023-03-26 22:24:39 | INFO | __main__:train:122) - [1, 21] loss: 0.5242562890052795
2023-03-26 22:24:44 | INFO | __main__:train:122) - [1, 22] loss: 0.5006978511810303
2023-03-26 22:25:10 | INFO | __main__:train:182) - Accuracy PE: 81 %
2023-03-26 22:25:10 | INFO | __main__:train:187) - F1 Score PE: 0.8183980110258351
2023-03-26 22:25:10 | INFO | __main__:train:84) - ---Epoch 2/5---
2023-03-26 22:25:15 | INFO | __main__:train:122) - [2, 1] loss: 0.4953038692474365
2023-03-26 22:25:21 | INFO | __main__:train:122) - [2, 2] loss: 0.42484742403030396
2023-03-26 22:25:26 | INFO | __main__:train:122) - [2, 3] loss: 0.503315806388855
2023-03-26 22:25:32 | INFO | __main__:train:122) - [2, 4] loss: 0.5254243016242981
2023-03-26 22:25:37 | INFO | __main__:train:122) - [2, 5] loss: 0.41383564472198486
2023-03-26 22:25:43 | INFO | __main__:train:122) - [2, 6] loss: 0.5350063443183899
2023-03-26 22:25:48 | INFO | __main__:train:122) - [2, 7] loss: 0.46483781933784485
2023-03-26 22:25:53 | INFO | __main__:train:122) - [2, 8] loss: 0.5213222503662109
2023-03-26 22:25:59 | INFO | __main__:train:122) - [2, 9] loss: 0.4795584976673126
2023-03-26 22:26:04 | INFO | __main__:train:122) - [2, 10] loss: 0.4690028131008148
2023-03-26 22:26:10 | INFO | __main__:train:122) - [2, 11] loss: 0.4603310227394104
2023-03-26 22:26:15 | INFO | __main__:train:122) - [2, 12] loss: 0.5431817770004272
2023-03-26 22:26:20 | INFO | __main__:train:122) - [2, 13] loss: 0.42894214391708374
2023-03-26 22:26:26 | INFO | __main__:train:122) - [2, 14] loss: 0.5035629868507385
2023-03-26 22:26:31 | INFO | __main__:train:122) - [2, 15] loss: 0.4849436581134796
2023-03-26 22:26:36 | INFO | __main__:train:122) - [2, 16] loss: 0.5045990943908691
2023-03-26 22:26:41 | INFO | __main__:train:122) - [2, 17] loss: 0.46619170904159546
2023-03-26 22:26:46 | INFO | __main__:train:122) - [2, 18] loss: 0.45528876781463623
2023-03-26 22:26:51 | INFO | __main__:train:122) - [2, 19] loss: 0.48960766196250916
2023-03-26 22:26:56 | INFO | __main__:train:122) - [2, 20] loss: 0.41740038990974426
2023-03-26 22:27:01 | INFO | __main__:train:122) - [2, 21] loss: 0.4600737988948822
2023-03-26 22:27:06 | INFO | __main__:train:122) - [2, 22] loss: 0.5117374658584595
2023-03-26 22:27:30 | INFO | __main__:train:182) - Accuracy PE: 83 %
2023-03-26 22:27:30 | INFO | __main__:train:187) - F1 Score PE: 0.829667268602919
2023-03-26 22:27:30 | INFO | __main__:train:84) - ---Epoch 3/5---
2023-03-26 22:27:36 | INFO | __main__:train:122) - [3, 1] loss: 0.4201926290988922
2023-03-26 22:27:42 | INFO | __main__:train:122) - [3, 2] loss: 0.434404581785202
2023-03-26 22:27:47 | INFO | __main__:train:122) - [3, 3] loss: 0.4159115254878998
2023-03-26 22:27:52 | INFO | __main__:train:122) - [3, 4] loss: 0.45399367809295654
2023-03-26 22:27:57 | INFO | __main__:train:122) - [3, 5] loss: 0.47618645429611206
2023-03-26 22:28:02 | INFO | __main__:train:122) - [3, 6] loss: 0.4211193919181824
2023-03-26 22:28:07 | INFO | __main__:train:122) - [3, 7] loss: 0.44484758377075195
2023-03-26 22:28:13 | INFO | __main__:train:122) - [3, 8] loss: 0.5542271733283997
2023-03-26 22:28:19 | INFO | __main__:train:122) - [3, 9] loss: 0.44880589842796326
2023-03-26 22:28:24 | INFO | __main__:train:122) - [3, 10] loss: 0.5483622550964355
2023-03-26 22:28:28 | INFO | __main__:train:122) - [3, 11] loss: 0.481846421957016
2023-03-26 22:28:34 | INFO | __main__:train:122) - [3, 12] loss: 0.415018230676651
2023-03-26 22:28:39 | INFO | __main__:train:122) - [3, 13] loss: 0.4561569392681122
2023-03-26 22:28:44 | INFO | __main__:train:122) - [3, 14] loss: 0.4315943717956543
2023-03-26 22:28:50 | INFO | __main__:train:122) - [3, 15] loss: 0.4457581043243408
2023-03-26 22:28:55 | INFO | __main__:train:122) - [3, 16] loss: 0.4754496216773987
2023-03-26 22:29:00 | INFO | __main__:train:122) - [3, 17] loss: 0.5189656615257263
2023-03-26 22:29:05 | INFO | __main__:train:122) - [3, 18] loss: 0.5047571659088135
2023-03-26 22:29:10 | INFO | __main__:train:122) - [3, 19] loss: 0.4234258532524109
2023-03-26 22:29:16 | INFO | __main__:train:122) - [3, 20] loss: 0.5457907319068909
2023-03-26 22:29:21 | INFO | __main__:train:122) - [3, 21] loss: 0.4385608732700348
2023-03-26 22:29:24 | INFO | __main__:train:122) - [3, 22] loss: 0.4399462342262268
2023-03-26 22:29:48 | INFO | __main__:train:182) - Accuracy PE: 83 %
2023-03-26 22:29:48 | INFO | __main__:train:187) - F1 Score PE: 0.8329735056077767
2023-03-26 22:29:48 | INFO | __main__:train:84) - ---Epoch 4/5---
2023-03-26 22:29:54 | INFO | __main__:train:122) - [4, 1] loss: 0.4791756272315979
2023-03-26 22:30:00 | INFO | __main__:train:122) - [4, 2] loss: 0.4945389926433563
2023-03-26 22:30:06 | INFO | __main__:train:122) - [4, 3] loss: 0.4532788395881653
2023-03-26 22:30:11 | INFO | __main__:train:122) - [4, 4] loss: 0.4923200309276581
2023-03-26 22:30:16 | INFO | __main__:train:122) - [4, 5] loss: 0.4253579080104828
2023-03-26 22:30:22 | INFO | __main__:train:122) - [4, 6] loss: 0.4558425545692444
2023-03-26 22:30:27 | INFO | __main__:train:122) - [4, 7] loss: 0.42831751704216003
2023-03-26 22:30:32 | INFO | __main__:train:122) - [4, 8] loss: 0.4633479714393616
2023-03-26 22:30:38 | INFO | __main__:train:122) - [4, 9] loss: 0.48462578654289246
2023-03-26 22:30:43 | INFO | __main__:train:122) - [4, 10] loss: 0.43644773960113525
2023-03-26 22:30:49 | INFO | __main__:train:122) - [4, 11] loss: 0.5022460222244263
2023-03-26 22:30:54 | INFO | __main__:train:122) - [4, 12] loss: 0.4307233393192291
2023-03-26 22:30:59 | INFO | __main__:train:122) - [4, 13] loss: 0.4805928170681
2023-03-26 22:31:04 | INFO | __main__:train:122) - [4, 14] loss: 0.375546395778656
2023-03-26 22:31:10 | INFO | __main__:train:122) - [4, 15] loss: 0.4648332893848419
2023-03-26 22:31:15 | INFO | __main__:train:122) - [4, 16] loss: 0.47550830245018005
2023-03-26 22:31:20 | INFO | __main__:train:122) - [4, 17] loss: 0.40472251176834106
2023-03-26 22:31:26 | INFO | __main__:train:122) - [4, 18] loss: 0.4518985152244568
2023-03-26 22:31:31 | INFO | __main__:train:122) - [4, 19] loss: 0.5392003059387207
2023-03-26 22:31:36 | INFO | __main__:train:122) - [4, 20] loss: 0.5364564657211304
2023-03-26 22:31:41 | INFO | __main__:train:122) - [4, 21] loss: 0.48171040415763855
2023-03-26 22:31:46 | INFO | __main__:train:122) - [4, 22] loss: 0.5433493852615356
2023-03-26 22:32:10 | INFO | __main__:train:182) - Accuracy PE: 84 %
2023-03-26 22:32:10 | INFO | __main__:train:187) - F1 Score PE: 0.8414585810543003
2023-03-26 22:32:10 | INFO | __main__:train:84) - ---Epoch 5/5---
2023-03-26 22:32:16 | INFO | __main__:train:122) - [5, 1] loss: 0.514630913734436
2023-03-26 22:32:22 | INFO | __main__:train:122) - [5, 2] loss: 0.4580259323120117
2023-03-26 22:32:28 | INFO | __main__:train:122) - [5, 3] loss: 0.44453802704811096
2023-03-26 22:32:33 | INFO | __main__:train:122) - [5, 4] loss: 0.4678642749786377
2023-03-26 22:32:39 | INFO | __main__:train:122) - [5, 5] loss: 0.4909002482891083
2023-03-26 22:32:45 | INFO | __main__:train:122) - [5, 6] loss: 0.3992275893688202
2023-03-26 22:32:51 | INFO | __main__:train:122) - [5, 7] loss: 0.41854870319366455
2023-03-26 22:32:57 | INFO | __main__:train:122) - [5, 8] loss: 0.4442598521709442
2023-03-26 22:33:02 | INFO | __main__:train:122) - [5, 9] loss: 0.48189881443977356
2023-03-26 22:33:08 | INFO | __main__:train:122) - [5, 10] loss: 0.44447624683380127
2023-03-26 22:33:14 | INFO | __main__:train:122) - [5, 11] loss: 0.4391937553882599
2023-03-26 22:33:20 | INFO | __main__:train:122) - [5, 12] loss: 0.438346266746521
2023-03-26 22:33:26 | INFO | __main__:train:122) - [5, 13] loss: 0.5379180312156677
2023-03-26 22:33:31 | INFO | __main__:train:122) - [5, 14] loss: 0.44911015033721924
2023-03-26 22:33:37 | INFO | __main__:train:122) - [5, 15] loss: 0.4865286350250244
2023-03-26 22:33:43 | INFO | __main__:train:122) - [5, 16] loss: 0.4426431953907013
2023-03-26 22:33:49 | INFO | __main__:train:122) - [5, 17] loss: 0.44578972458839417
2023-03-26 22:33:55 | INFO | __main__:train:122) - [5, 18] loss: 0.5422906279563904
2023-03-26 22:34:02 | INFO | __main__:train:122) - [5, 19] loss: 0.5513002872467041
2023-03-26 22:34:07 | INFO | __main__:train:122) - [5, 20] loss: 0.4929107129573822
2023-03-26 22:34:13 | INFO | __main__:train:122) - [5, 21] loss: 0.5036145448684692
2023-03-26 22:34:17 | INFO | __main__:train:122) - [5, 22] loss: 0.503427267074585
2023-03-26 22:34:43 | INFO | __main__:train:182) - Accuracy PE: 84 %
2023-03-26 22:34:43 | INFO | __main__:train:187) - F1 Score PE: 0.8474167244103112
2023-03-26 22:34:43 | INFO | __main__:train:60) - Fold: 4
2023-03-26 22:34:43 | INFO | __main__:train:61) - ========
2023-03-26 22:34:44 | INFO | __main__:train:84) - ---Epoch 1/5---
2023-03-26 22:34:49 | INFO | __main__:train:122) - [1, 1] loss: 0.43789270520210266
2023-03-26 22:34:55 | INFO | __main__:train:122) - [1, 2] loss: 0.47617098689079285
2023-03-26 22:35:00 | INFO | __main__:train:122) - [1, 3] loss: 0.4892047643661499
2023-03-26 22:35:05 | INFO | __main__:train:122) - [1, 4] loss: 0.5194371938705444
2023-03-26 22:35:10 | INFO | __main__:train:122) - [1, 5] loss: 0.4950047731399536
2023-03-26 22:35:16 | INFO | __main__:train:122) - [1, 6] loss: 0.45235559344291687
2023-03-26 22:35:21 | INFO | __main__:train:122) - [1, 7] loss: 0.456754595041275
2023-03-26 22:35:27 | INFO | __main__:train:122) - [1, 8] loss: 0.5349578261375427
2023-03-26 22:35:32 | INFO | __main__:train:122) - [1, 9] loss: 0.5322912931442261
2023-03-26 22:35:37 | INFO | __main__:train:122) - [1, 10] loss: 0.5245981216430664
2023-03-26 22:35:42 | INFO | __main__:train:122) - [1, 11] loss: 0.5469104051589966
2023-03-26 22:35:48 | INFO | __main__:train:122) - [1, 12] loss: 0.5208855867385864
2023-03-26 22:35:52 | INFO | __main__:train:122) - [1, 13] loss: 0.4350269138813019
2023-03-26 22:35:58 | INFO | __main__:train:122) - [1, 14] loss: 0.4877431094646454
2023-03-26 22:36:04 | INFO | __main__:train:122) - [1, 15] loss: 0.4484751224517822
2023-03-26 22:36:09 | INFO | __main__:train:122) - [1, 16] loss: 0.44976815581321716
2023-03-26 22:36:15 | INFO | __main__:train:122) - [1, 17] loss: 0.4317970275878906
2023-03-26 22:36:20 | INFO | __main__:train:122) - [1, 18] loss: 0.45724907517433167
2023-03-26 22:36:25 | INFO | __main__:train:122) - [1, 19] loss: 0.5085148811340332
2023-03-26 22:36:31 | INFO | __main__:train:122) - [1, 20] loss: 0.5289092063903809
2023-03-26 22:36:36 | INFO | __main__:train:122) - [1, 21] loss: 0.4161079227924347
2023-03-26 22:36:40 | INFO | __main__:train:122) - [1, 22] loss: 0.5785262584686279
2023-03-26 22:37:06 | INFO | __main__:train:182) - Accuracy PE: 83 %
2023-03-26 22:37:06 | INFO | __main__:train:187) - F1 Score PE: 0.8344118697207968
2023-03-26 22:37:06 | INFO | __main__:train:84) - ---Epoch 2/5---
2023-03-26 22:37:12 | INFO | __main__:train:122) - [2, 1] loss: 0.4058080315589905
2023-03-26 22:37:18 | INFO | __main__:train:122) - [2, 2] loss: 0.5301411747932434
2023-03-26 22:37:24 | INFO | __main__:train:122) - [2, 3] loss: 0.503871738910675
2023-03-26 22:37:30 | INFO | __main__:train:122) - [2, 4] loss: 0.49905166029930115
2023-03-26 22:37:34 | INFO | __main__:train:122) - [2, 5] loss: 0.5088706612586975
2023-03-26 22:37:39 | INFO | __main__:train:122) - [2, 6] loss: 0.5043267607688904
2023-03-26 22:37:44 | INFO | __main__:train:122) - [2, 7] loss: 0.5287448763847351
2023-03-26 22:37:50 | INFO | __main__:train:122) - [2, 8] loss: 0.48164165019989014
2023-03-26 22:37:55 | INFO | __main__:train:122) - [2, 9] loss: 0.4907970428466797
2023-03-26 22:38:00 | INFO | __main__:train:122) - [2, 10] loss: 0.5004487037658691
2023-03-26 22:38:05 | INFO | __main__:train:122) - [2, 11] loss: 0.441673219203949
2023-03-26 22:38:11 | INFO | __main__:train:122) - [2, 12] loss: 0.44288408756256104
2023-03-26 22:38:17 | INFO | __main__:train:122) - [2, 13] loss: 0.47809037566185
2023-03-26 22:38:22 | INFO | __main__:train:122) - [2, 14] loss: 0.46065452694892883
2023-03-26 22:38:27 | INFO | __main__:train:122) - [2, 15] loss: 0.41509756445884705
2023-03-26 22:38:32 | INFO | __main__:train:122) - [2, 16] loss: 0.41325128078460693
2023-03-26 22:38:36 | INFO | __main__:train:122) - [2, 17] loss: 0.46819138526916504
2023-03-26 22:38:42 | INFO | __main__:train:122) - [2, 18] loss: 0.45080840587615967
2023-03-26 22:38:46 | INFO | __main__:train:122) - [2, 19] loss: 0.4319250285625458
2023-03-26 22:38:51 | INFO | __main__:train:122) - [2, 20] loss: 0.41616714000701904
2023-03-26 22:38:56 | INFO | __main__:train:122) - [2, 21] loss: 0.46996572613716125
2023-03-26 22:39:00 | INFO | __main__:train:122) - [2, 22] loss: 0.5443463921546936
2023-03-26 22:39:26 | INFO | __main__:train:182) - Accuracy PE: 83 %
2023-03-26 22:39:26 | INFO | __main__:train:187) - F1 Score PE: 0.8359881887793403
2023-03-26 22:39:26 | INFO | __main__:train:84) - ---Epoch 3/5---
2023-03-26 22:39:32 | INFO | __main__:train:122) - [3, 1] loss: 0.40713006258010864
2023-03-26 22:39:38 | INFO | __main__:train:122) - [3, 2] loss: 0.41490045189857483
2023-03-26 22:39:43 | INFO | __main__:train:122) - [3, 3] loss: 0.4703119695186615
2023-03-26 22:39:49 | INFO | __main__:train:122) - [3, 4] loss: 0.5078167915344238
2023-03-26 22:39:55 | INFO | __main__:train:122) - [3, 5] loss: 0.4419434666633606
2023-03-26 22:40:01 | INFO | __main__:train:122) - [3, 6] loss: 0.5120519995689392
2023-03-26 22:40:05 | INFO | __main__:train:122) - [3, 7] loss: 0.42282959818840027
2023-03-26 22:40:11 | INFO | __main__:train:122) - [3, 8] loss: 0.4446355104446411
2023-03-26 22:40:16 | INFO | __main__:train:122) - [3, 9] loss: 0.4608777165412903
2023-03-26 22:40:22 | INFO | __main__:train:122) - [3, 10] loss: 0.5077548027038574
2023-03-26 22:40:27 | INFO | __main__:train:122) - [3, 11] loss: 0.4287194609642029
2023-03-26 22:40:33 | INFO | __main__:train:122) - [3, 12] loss: 0.5367449522018433
2023-03-26 22:40:38 | INFO | __main__:train:122) - [3, 13] loss: 0.4518289566040039
2023-03-26 22:40:44 | INFO | __main__:train:122) - [3, 14] loss: 0.4947967231273651
2023-03-26 22:40:49 | INFO | __main__:train:122) - [3, 15] loss: 0.46087825298309326
2023-03-26 22:40:55 | INFO | __main__:train:122) - [3, 16] loss: 0.446065217256546
2023-03-26 22:41:01 | INFO | __main__:train:122) - [3, 17] loss: 0.4277055263519287
2023-03-26 22:41:06 | INFO | __main__:train:122) - [3, 18] loss: 0.4747876226902008
2023-03-26 22:41:12 | INFO | __main__:train:122) - [3, 19] loss: 0.4676481783390045
2023-03-26 22:41:17 | INFO | __main__:train:122) - [3, 20] loss: 0.4706316590309143
2023-03-26 22:41:23 | INFO | __main__:train:122) - [3, 21] loss: 0.4361136555671692
2023-03-26 22:41:28 | INFO | __main__:train:122) - [3, 22] loss: 0.5095847845077515
2023-03-26 22:41:52 | INFO | __main__:train:182) - Accuracy PE: 85 %
2023-03-26 22:41:52 | INFO | __main__:train:187) - F1 Score PE: 0.849676724137931
2023-03-26 22:41:52 | INFO | __main__:train:84) - ---Epoch 4/5---
2023-03-26 22:41:58 | INFO | __main__:train:122) - [4, 1] loss: 0.41335630416870117
2023-03-26 22:42:04 | INFO | __main__:train:122) - [4, 2] loss: 0.47275254130363464
2023-03-26 22:42:09 | INFO | __main__:train:122) - [4, 3] loss: 0.5109589695930481
2023-03-26 22:42:15 | INFO | __main__:train:122) - [4, 4] loss: 0.47466740012168884
2023-03-26 22:42:21 | INFO | __main__:train:122) - [4, 5] loss: 0.5030895471572876
2023-03-26 22:42:27 | INFO | __main__:train:122) - [4, 6] loss: 0.5119681358337402
2023-03-26 22:42:33 | INFO | __main__:train:122) - [4, 7] loss: 0.521026611328125
2023-03-26 22:42:38 | INFO | __main__:train:122) - [4, 8] loss: 0.45684054493904114
2023-03-26 22:42:43 | INFO | __main__:train:122) - [4, 9] loss: 0.44832006096839905
2023-03-26 22:42:48 | INFO | __main__:train:122) - [4, 10] loss: 0.39686644077301025
2023-03-26 22:42:53 | INFO | __main__:train:122) - [4, 11] loss: 0.4231545627117157
2023-03-26 22:42:59 | INFO | __main__:train:122) - [4, 12] loss: 0.47634780406951904
2023-03-26 22:43:03 | INFO | __main__:train:122) - [4, 13] loss: 0.560284435749054
2023-03-26 22:43:09 | INFO | __main__:train:122) - [4, 14] loss: 0.506596028804779
2023-03-26 22:43:14 | INFO | __main__:train:122) - [4, 15] loss: 0.5066798329353333
2023-03-26 22:43:19 | INFO | __main__:train:122) - [4, 16] loss: 0.48157399892807007
2023-03-26 22:43:24 | INFO | __main__:train:122) - [4, 17] loss: 0.3859858810901642
2023-03-26 22:43:29 | INFO | __main__:train:122) - [4, 18] loss: 0.45435523986816406
2023-03-26 22:43:34 | INFO | __main__:train:122) - [4, 19] loss: 0.4627857208251953
2023-03-26 22:43:40 | INFO | __main__:train:122) - [4, 20] loss: 0.4683079421520233
2023-03-26 22:43:45 | INFO | __main__:train:122) - [4, 21] loss: 0.4639531075954437
2023-03-26 22:43:49 | INFO | __main__:train:122) - [4, 22] loss: 0.4701734483242035
2023-03-26 22:44:15 | INFO | __main__:train:182) - Accuracy PE: 85 %
2023-03-26 22:44:15 | INFO | __main__:train:187) - F1 Score PE: 0.85308669029971
2023-03-26 22:44:15 | INFO | __main__:train:84) - ---Epoch 5/5---
2023-03-26 22:44:20 | INFO | __main__:train:122) - [5, 1] loss: 0.4102415442466736
2023-03-26 22:44:26 | INFO | __main__:train:122) - [5, 2] loss: 0.5795234441757202
2023-03-26 22:44:32 | INFO | __main__:train:122) - [5, 3] loss: 0.5562814474105835
2023-03-26 22:44:38 | INFO | __main__:train:122) - [5, 4] loss: 0.4729069173336029
2023-03-26 22:44:44 | INFO | __main__:train:122) - [5, 5] loss: 0.4241122901439667
2023-03-26 22:44:49 | INFO | __main__:train:122) - [5, 6] loss: 0.4650355279445648
2023-03-26 22:44:55 | INFO | __main__:train:122) - [5, 7] loss: 0.47798651456832886
2023-03-26 22:45:00 | INFO | __main__:train:122) - [5, 8] loss: 0.47117218375205994
2023-03-26 22:45:05 | INFO | __main__:train:122) - [5, 9] loss: 0.49934566020965576
2023-03-26 22:45:10 | INFO | __main__:train:122) - [5, 10] loss: 0.4471948742866516
2023-03-26 22:45:16 | INFO | __main__:train:122) - [5, 11] loss: 0.4447268843650818
2023-03-26 22:45:21 | INFO | __main__:train:122) - [5, 12] loss: 0.48563477396965027
2023-03-26 22:45:26 | INFO | __main__:train:122) - [5, 13] loss: 0.4184046983718872
2023-03-26 22:45:31 | INFO | __main__:train:122) - [5, 14] loss: 0.42406439781188965
2023-03-26 22:45:36 | INFO | __main__:train:122) - [5, 15] loss: 0.474648118019104
2023-03-26 22:45:42 | INFO | __main__:train:122) - [5, 16] loss: 0.48841479420661926
2023-03-26 22:45:47 | INFO | __main__:train:122) - [5, 17] loss: 0.45979681611061096
2023-03-26 22:45:53 | INFO | __main__:train:122) - [5, 18] loss: 0.3923710882663727
2023-03-26 22:45:58 | INFO | __main__:train:122) - [5, 19] loss: 0.47892463207244873
2023-03-26 22:46:02 | INFO | __main__:train:122) - [5, 20] loss: 0.43897613883018494
2023-03-26 22:46:08 | INFO | __main__:train:122) - [5, 21] loss: 0.41209882497787476
2023-03-26 22:46:12 | INFO | __main__:train:122) - [5, 22] loss: 0.3882443606853485
2023-03-26 22:46:37 | INFO | __main__:train:182) - Accuracy PE: 85 %
2023-03-26 22:46:37 | INFO | __main__:train:187) - F1 Score PE: 0.8498123133051143
2023-03-26 22:46:38 | INFO | __main__:train:214) - Training Stats:
    accuracy  f1_score
0  52.435530  0.360741
1  65.501433  0.615719
2  81.776504  0.816676
3  83.448276  0.833983
4  84.540230  0.844595
2023-03-26 22:46:38 | INFO | __main__:train:216) - Finished Training
