2023-03-25 08:30:29 | INFO | __main__:run:222) - {'seed': 1, 'batch': 128, 'epochs': 5, 'channel': 3, 'width': 128, 'height': 128, 'lr': 0.0001, 'decay': 0.01, 'grad_accumulate': 10, 'dropout': 0.2, 'fold': 5, 'experiment': 8, 'aug': False, 'download': False, 'gpu': '7', 'densenet': False, 'resnet': True, 'config': 'None', 'model_name': 'resnet', 'model': <function resnet34 at 0x7f358e46b9d0>, 'model_params': {'num_classes': 2}}
2023-03-25 08:30:29 | INFO | __main__:train:35) - Device: cuda
2023-03-25 08:30:33 | INFO | __main__:train:39) - Number of model parameters: 23.57357 M
2023-03-25 08:30:33 | INFO | lglutide.make_data:make_annotations:82) - Annotations file already exists!
2023-03-25 08:30:33 | INFO | __main__:train:53) - Training Started ...
2023-03-25 08:30:33 | INFO | __main__:train:60) - Fold: 0
2023-03-25 08:30:33 | INFO | __main__:train:61) - ========
2023-03-25 08:30:33 | INFO | __main__:train:84) - ---Epoch 1/5---
2023-03-25 08:30:47 | INFO | __main__:train:122) - [1, 1] loss: 0.6746742725372314
2023-03-25 08:31:00 | INFO | __main__:train:122) - [1, 2] loss: 0.676163375377655
2023-03-25 08:31:12 | INFO | __main__:train:122) - [1, 3] loss: 0.711678683757782
2023-03-25 08:31:24 | INFO | __main__:train:122) - [1, 4] loss: 0.6084113717079163
2023-03-25 08:31:36 | INFO | __main__:train:122) - [1, 5] loss: 0.6390200853347778
2023-03-25 08:31:48 | INFO | __main__:train:122) - [1, 6] loss: 0.7168585658073425
2023-03-25 08:32:00 | INFO | __main__:train:122) - [1, 7] loss: 0.6581833362579346
2023-03-25 08:32:11 | INFO | __main__:train:122) - [1, 8] loss: 0.6816887855529785
2023-03-25 08:32:23 | INFO | __main__:train:122) - [1, 9] loss: 0.635675311088562
2023-03-25 08:32:32 | INFO | __main__:train:122) - [1, 10] loss: 0.5639817714691162
2023-03-25 08:32:43 | INFO | __main__:train:122) - [1, 11] loss: 0.689321756362915
2023-03-25 08:33:14 | INFO | __main__:train:182) - Accuracy PE: 52 %
2023-03-25 08:33:14 | INFO | __main__:train:187) - F1 Score PE: 0.3607406769071676
2023-03-25 08:33:14 | INFO | __main__:train:84) - ---Epoch 2/5---
2023-03-25 08:33:26 | INFO | __main__:train:122) - [2, 1] loss: 0.6644551157951355
2023-03-25 08:33:37 | INFO | __main__:train:122) - [2, 2] loss: 0.6605110168457031
2023-03-25 08:33:46 | INFO | __main__:train:122) - [2, 3] loss: 0.529616117477417
2023-03-25 08:33:55 | INFO | __main__:train:122) - [2, 4] loss: 0.5578418970108032
2023-03-25 08:34:06 | INFO | __main__:train:122) - [2, 5] loss: 0.6707944869995117
2023-03-25 08:34:18 | INFO | __main__:train:122) - [2, 6] loss: 0.6423393487930298
2023-03-25 08:34:29 | INFO | __main__:train:122) - [2, 7] loss: 0.5856139063835144
2023-03-25 08:34:37 | INFO | __main__:train:122) - [2, 8] loss: 0.6110826134681702
2023-03-25 08:34:49 | INFO | __main__:train:122) - [2, 9] loss: 0.5651496648788452
2023-03-25 08:35:01 | INFO | __main__:train:122) - [2, 10] loss: 0.5881202220916748
2023-03-25 08:35:11 | INFO | __main__:train:122) - [2, 11] loss: 0.6072863936424255
2023-03-25 08:35:42 | INFO | __main__:train:182) - Accuracy PE: 52 %
2023-03-25 08:35:42 | INFO | __main__:train:187) - F1 Score PE: 0.3607406769071676
2023-03-25 08:35:42 | INFO | __main__:train:84) - ---Epoch 3/5---
2023-03-25 08:35:53 | INFO | __main__:train:122) - [3, 1] loss: 0.4460262954235077
2023-03-25 08:36:05 | INFO | __main__:train:122) - [3, 2] loss: 0.521476149559021
2023-03-25 08:36:16 | INFO | __main__:train:122) - [3, 3] loss: 0.5199483633041382
2023-03-25 08:36:28 | INFO | __main__:train:122) - [3, 4] loss: 0.5454204678535461
2023-03-25 08:36:40 | INFO | __main__:train:122) - [3, 5] loss: 0.5636809468269348
2023-03-25 08:36:51 | INFO | __main__:train:122) - [3, 6] loss: 0.49420034885406494
2023-03-25 08:37:03 | INFO | __main__:train:122) - [3, 7] loss: 0.5107175707817078
2023-03-25 08:37:14 | INFO | __main__:train:122) - [3, 8] loss: 0.5839091539382935
2023-03-25 08:37:26 | INFO | __main__:train:122) - [3, 9] loss: 0.48126110434532166
2023-03-25 08:37:37 | INFO | __main__:train:122) - [3, 10] loss: 0.4719128906726837
2023-03-25 08:37:47 | INFO | __main__:train:122) - [3, 11] loss: 0.48897111415863037
2023-03-25 08:38:19 | INFO | __main__:train:182) - Accuracy PE: 52 %
2023-03-25 08:38:19 | INFO | __main__:train:187) - F1 Score PE: 0.3607406769071676
2023-03-25 08:38:19 | INFO | __main__:train:84) - ---Epoch 4/5---
2023-03-25 08:38:31 | INFO | __main__:train:122) - [4, 1] loss: 0.4962981343269348
2023-03-25 08:38:43 | INFO | __main__:train:122) - [4, 2] loss: 0.4633423686027527
2023-03-25 08:38:54 | INFO | __main__:train:122) - [4, 3] loss: 0.44201424717903137
2023-03-25 08:39:06 | INFO | __main__:train:122) - [4, 4] loss: 0.43433186411857605
2023-03-25 08:39:18 | INFO | __main__:train:122) - [4, 5] loss: 0.4783044159412384
2023-03-25 08:39:30 | INFO | __main__:train:122) - [4, 6] loss: 0.43180209398269653
2023-03-25 08:39:42 | INFO | __main__:train:122) - [4, 7] loss: 0.4398491084575653
2023-03-25 08:39:53 | INFO | __main__:train:122) - [4, 8] loss: 0.48236894607543945
2023-03-25 08:40:05 | INFO | __main__:train:122) - [4, 9] loss: 0.4764541685581207
2023-03-25 08:40:17 | INFO | __main__:train:122) - [4, 10] loss: 0.452995628118515
2023-03-25 08:40:28 | INFO | __main__:train:122) - [4, 11] loss: 0.48460257053375244
2023-03-25 08:41:00 | INFO | __main__:train:182) - Accuracy PE: 56 %
2023-03-25 08:41:00 | INFO | __main__:train:187) - F1 Score PE: 0.44829702182937337
2023-03-25 08:41:00 | INFO | __main__:train:84) - ---Epoch 5/5---
2023-03-25 08:41:12 | INFO | __main__:train:122) - [5, 1] loss: 0.40854963660240173
2023-03-25 08:41:24 | INFO | __main__:train:122) - [5, 2] loss: 0.4447850286960602
2023-03-25 08:41:36 | INFO | __main__:train:122) - [5, 3] loss: 0.41470232605934143
2023-03-25 08:41:48 | INFO | __main__:train:122) - [5, 4] loss: 0.44254621863365173
2023-03-25 08:42:00 | INFO | __main__:train:122) - [5, 5] loss: 0.4622771739959717
2023-03-25 08:42:12 | INFO | __main__:train:122) - [5, 6] loss: 0.43237149715423584
2023-03-25 08:42:25 | INFO | __main__:train:122) - [5, 7] loss: 0.4116944670677185
2023-03-25 08:42:38 | INFO | __main__:train:122) - [5, 8] loss: 0.4401448667049408
2023-03-25 08:42:50 | INFO | __main__:train:122) - [5, 9] loss: 0.4387591481208801
2023-03-25 08:43:03 | INFO | __main__:train:122) - [5, 10] loss: 0.41536644101142883
2023-03-25 08:43:14 | INFO | __main__:train:122) - [5, 11] loss: 0.41147831082344055
2023-03-25 08:43:49 | INFO | __main__:train:182) - Accuracy PE: 73 %
2023-03-25 08:43:49 | INFO | __main__:train:187) - F1 Score PE: 0.7391261463672371
2023-03-25 08:43:49 | INFO | __main__:train:60) - Fold: 1
2023-03-25 08:43:49 | INFO | __main__:train:61) - ========
2023-03-25 08:43:49 | INFO | __main__:train:84) - ---Epoch 1/5---
2023-03-25 08:44:01 | INFO | __main__:train:122) - [1, 1] loss: 0.41588518023490906
2023-03-25 08:44:11 | INFO | __main__:train:122) - [1, 2] loss: 0.4382445514202118
2023-03-25 08:44:21 | INFO | __main__:train:122) - [1, 3] loss: 0.4313853085041046
2023-03-25 08:44:32 | INFO | __main__:train:122) - [1, 4] loss: 0.4472120702266693
2023-03-25 08:44:42 | INFO | __main__:train:122) - [1, 5] loss: 0.40152207016944885
2023-03-25 08:44:53 | INFO | __main__:train:122) - [1, 6] loss: 0.42069151997566223
2023-03-25 08:45:03 | INFO | __main__:train:122) - [1, 7] loss: 0.4132383167743683
2023-03-25 08:45:14 | INFO | __main__:train:122) - [1, 8] loss: 0.43194788694381714
2023-03-25 08:45:24 | INFO | __main__:train:122) - [1, 9] loss: 0.42513135075569153
2023-03-25 08:45:35 | INFO | __main__:train:122) - [1, 10] loss: 0.41950172185897827
2023-03-25 08:45:44 | INFO | __main__:train:122) - [1, 11] loss: 0.41973036527633667
2023-03-25 08:46:15 | INFO | __main__:train:182) - Accuracy PE: 88 %
2023-03-25 08:46:15 | INFO | __main__:train:187) - F1 Score PE: 0.8840355201955993
2023-03-25 08:46:15 | INFO | __main__:train:84) - ---Epoch 2/5---
2023-03-25 08:46:27 | INFO | __main__:train:122) - [2, 1] loss: 0.38460084795951843
2023-03-25 08:46:38 | INFO | __main__:train:122) - [2, 2] loss: 0.4503226578235626
2023-03-25 08:46:49 | INFO | __main__:train:122) - [2, 3] loss: 0.4044109284877777
2023-03-25 08:47:01 | INFO | __main__:train:122) - [2, 4] loss: 0.38735729455947876
2023-03-25 08:47:12 | INFO | __main__:train:122) - [2, 5] loss: 0.39874374866485596
2023-03-25 08:47:23 | INFO | __main__:train:122) - [2, 6] loss: 0.4357582628726959
2023-03-25 08:47:34 | INFO | __main__:train:122) - [2, 7] loss: 0.41171538829803467
2023-03-25 08:47:48 | INFO | __main__:train:122) - [2, 8] loss: 0.3852163255214691
2023-03-25 08:47:58 | INFO | __main__:train:122) - [2, 9] loss: 0.40465086698532104
2023-03-25 08:48:09 | INFO | __main__:train:122) - [2, 10] loss: 0.37802642583847046
2023-03-25 08:48:20 | INFO | __main__:train:122) - [2, 11] loss: 0.4393136501312256
2023-03-25 08:48:48 | INFO | __main__:train:182) - Accuracy PE: 92 %
2023-03-25 08:48:48 | INFO | __main__:train:187) - F1 Score PE: 0.9223286383987465
2023-03-25 08:48:48 | INFO | __main__:train:84) - ---Epoch 3/5---
2023-03-25 08:48:58 | INFO | __main__:train:122) - [3, 1] loss: 0.38059350848197937
2023-03-25 08:49:09 | INFO | __main__:train:122) - [3, 2] loss: 0.35661840438842773
2023-03-25 08:49:19 | INFO | __main__:train:122) - [3, 3] loss: 0.3854806125164032
2023-03-25 08:49:29 | INFO | __main__:train:122) - [3, 4] loss: 0.42724454402923584
2023-03-25 08:49:39 | INFO | __main__:train:122) - [3, 5] loss: 0.3789098858833313
2023-03-25 08:49:49 | INFO | __main__:train:122) - [3, 6] loss: 0.4038129150867462
2023-03-25 08:49:59 | INFO | __main__:train:122) - [3, 7] loss: 0.39999568462371826
2023-03-25 08:50:09 | INFO | __main__:train:122) - [3, 8] loss: 0.42955172061920166
2023-03-25 08:50:20 | INFO | __main__:train:122) - [3, 9] loss: 0.3522356152534485
2023-03-25 08:50:30 | INFO | __main__:train:122) - [3, 10] loss: 0.40317246317863464
2023-03-25 08:50:39 | INFO | __main__:train:122) - [3, 11] loss: 0.3816966414451599
2023-03-25 08:51:07 | INFO | __main__:train:182) - Accuracy PE: 89 %
2023-03-25 08:51:07 | INFO | __main__:train:187) - F1 Score PE: 0.8910421148662814
2023-03-25 08:51:07 | INFO | __main__:train:84) - ---Epoch 4/5---
2023-03-25 08:51:17 | INFO | __main__:train:122) - [4, 1] loss: 0.37117594480514526
2023-03-25 08:51:27 | INFO | __main__:train:122) - [4, 2] loss: 0.3766587972640991
2023-03-25 08:51:37 | INFO | __main__:train:122) - [4, 3] loss: 0.36707833409309387
2023-03-25 08:51:47 | INFO | __main__:train:122) - [4, 4] loss: 0.36365583539009094
2023-03-25 08:51:57 | INFO | __main__:train:122) - [4, 5] loss: 0.37810826301574707
2023-03-25 08:52:07 | INFO | __main__:train:122) - [4, 6] loss: 0.3705579340457916
2023-03-25 08:52:19 | INFO | __main__:train:122) - [4, 7] loss: 0.37041667103767395
2023-03-25 08:52:29 | INFO | __main__:train:122) - [4, 8] loss: 0.3705371916294098
2023-03-25 08:52:39 | INFO | __main__:train:122) - [4, 9] loss: 0.36501544713974
2023-03-25 08:52:49 | INFO | __main__:train:122) - [4, 10] loss: 0.3986673355102539
2023-03-25 08:52:58 | INFO | __main__:train:122) - [4, 11] loss: 0.3701193630695343
2023-03-25 08:53:26 | INFO | __main__:train:182) - Accuracy PE: 90 %
2023-03-25 08:53:26 | INFO | __main__:train:187) - F1 Score PE: 0.9083621720775438
2023-03-25 08:53:26 | INFO | __main__:train:84) - ---Epoch 5/5---
2023-03-25 08:53:36 | INFO | __main__:train:122) - [5, 1] loss: 0.3713218569755554
2023-03-25 08:53:46 | INFO | __main__:train:122) - [5, 2] loss: 0.386481910943985
2023-03-25 08:53:56 | INFO | __main__:train:122) - [5, 3] loss: 0.39576491713523865
2023-03-25 08:54:06 | INFO | __main__:train:122) - [5, 4] loss: 0.37860843539237976
2023-03-25 08:54:16 | INFO | __main__:train:122) - [5, 5] loss: 0.36062702536582947
2023-03-25 08:54:26 | INFO | __main__:train:122) - [5, 6] loss: 0.3808164596557617
2023-03-25 08:54:37 | INFO | __main__:train:122) - [5, 7] loss: 0.36275580525398254
2023-03-25 08:54:47 | INFO | __main__:train:122) - [5, 8] loss: 0.361354798078537
2023-03-25 08:54:58 | INFO | __main__:train:122) - [5, 9] loss: 0.3837747275829315
2023-03-25 08:55:08 | INFO | __main__:train:122) - [5, 10] loss: 0.3603014051914215
2023-03-25 08:55:17 | INFO | __main__:train:122) - [5, 11] loss: 0.4099303185939789
2023-03-25 08:55:44 | INFO | __main__:train:182) - Accuracy PE: 91 %
2023-03-25 08:55:44 | INFO | __main__:train:187) - F1 Score PE: 0.9197707736389685
2023-03-25 08:55:45 | INFO | __main__:train:60) - Fold: 2
2023-03-25 08:55:45 | INFO | __main__:train:61) - ========
2023-03-25 08:55:45 | INFO | __main__:train:84) - ---Epoch 1/5---
2023-03-25 08:55:55 | INFO | __main__:train:122) - [1, 1] loss: 0.38866153359413147
2023-03-25 08:56:04 | INFO | __main__:train:122) - [1, 2] loss: 0.3769027292728424
2023-03-25 08:56:15 | INFO | __main__:train:122) - [1, 3] loss: 0.36509719491004944
2023-03-25 08:56:25 | INFO | __main__:train:122) - [1, 4] loss: 0.38182729482650757
2023-03-25 08:56:36 | INFO | __main__:train:122) - [1, 5] loss: 0.35113978385925293
2023-03-25 08:56:46 | INFO | __main__:train:122) - [1, 6] loss: 0.36281317472457886
2023-03-25 08:56:56 | INFO | __main__:train:122) - [1, 7] loss: 0.36541086435317993
2023-03-25 08:57:06 | INFO | __main__:train:122) - [1, 8] loss: 0.39840543270111084
2023-03-25 08:57:16 | INFO | __main__:train:122) - [1, 9] loss: 0.39882469177246094
2023-03-25 08:57:26 | INFO | __main__:train:122) - [1, 10] loss: 0.3592730164527893
2023-03-25 08:57:35 | INFO | __main__:train:122) - [1, 11] loss: 0.41883230209350586
2023-03-25 08:58:02 | INFO | __main__:train:182) - Accuracy PE: 88 %
2023-03-25 08:58:02 | INFO | __main__:train:187) - F1 Score PE: 0.8803593270260589
2023-03-25 08:58:02 | INFO | __main__:train:84) - ---Epoch 2/5---
2023-03-25 08:58:12 | INFO | __main__:train:122) - [2, 1] loss: 0.35990262031555176
2023-03-25 08:58:22 | INFO | __main__:train:122) - [2, 2] loss: 0.3554650545120239
2023-03-25 08:58:32 | INFO | __main__:train:122) - [2, 3] loss: 0.3760266900062561
2023-03-25 08:58:42 | INFO | __main__:train:122) - [2, 4] loss: 0.36965256929397583
2023-03-25 08:58:53 | INFO | __main__:train:122) - [2, 5] loss: 0.3822760283946991
2023-03-25 08:59:03 | INFO | __main__:train:122) - [2, 6] loss: 0.39384186267852783
2023-03-25 08:59:14 | INFO | __main__:train:122) - [2, 7] loss: 0.34838277101516724
2023-03-25 08:59:24 | INFO | __main__:train:122) - [2, 8] loss: 0.38295626640319824
2023-03-25 08:59:34 | INFO | __main__:train:122) - [2, 9] loss: 0.3755282759666443
2023-03-25 08:59:45 | INFO | __main__:train:122) - [2, 10] loss: 0.3592539429664612
2023-03-25 08:59:54 | INFO | __main__:train:122) - [2, 11] loss: 0.4001382291316986
2023-03-25 09:00:23 | INFO | __main__:train:182) - Accuracy PE: 89 %
2023-03-25 09:00:23 | INFO | __main__:train:187) - F1 Score PE: 0.8993555512121837
2023-03-25 09:00:23 | INFO | __main__:train:84) - ---Epoch 3/5---
2023-03-25 09:00:33 | INFO | __main__:train:122) - [3, 1] loss: 0.35665807127952576
2023-03-25 09:00:43 | INFO | __main__:train:122) - [3, 2] loss: 0.35442444682121277
2023-03-25 09:00:53 | INFO | __main__:train:122) - [3, 3] loss: 0.3330189883708954
2023-03-25 09:01:03 | INFO | __main__:train:122) - [3, 4] loss: 0.34120285511016846
2023-03-25 09:01:13 | INFO | __main__:train:122) - [3, 5] loss: 0.3503281772136688
2023-03-25 09:01:24 | INFO | __main__:train:122) - [3, 6] loss: 0.36032727360725403
2023-03-25 09:01:34 | INFO | __main__:train:122) - [3, 7] loss: 0.35138654708862305
2023-03-25 09:01:44 | INFO | __main__:train:122) - [3, 8] loss: 0.36487317085266113
2023-03-25 09:01:55 | INFO | __main__:train:122) - [3, 9] loss: 0.36665481328964233
2023-03-25 09:02:05 | INFO | __main__:train:122) - [3, 10] loss: 0.34634920954704285
2023-03-25 09:02:14 | INFO | __main__:train:122) - [3, 11] loss: 0.3602910339832306
2023-03-25 09:02:39 | INFO | __main__:train:182) - Accuracy PE: 92 %
2023-03-25 09:02:39 | INFO | __main__:train:187) - F1 Score PE: 0.9253784733867885
2023-03-25 09:02:39 | INFO | __main__:train:84) - ---Epoch 4/5---
2023-03-25 09:02:49 | INFO | __main__:train:122) - [4, 1] loss: 0.3566807508468628
2023-03-25 09:03:00 | INFO | __main__:train:122) - [4, 2] loss: 0.3587261736392975
2023-03-25 09:03:10 | INFO | __main__:train:122) - [4, 3] loss: 0.35073375701904297
2023-03-25 09:03:20 | INFO | __main__:train:122) - [4, 4] loss: 0.3454498052597046
2023-03-25 09:03:31 | INFO | __main__:train:122) - [4, 5] loss: 0.3806923031806946
2023-03-25 09:03:41 | INFO | __main__:train:122) - [4, 6] loss: 0.3574118912220001
2023-03-25 09:03:51 | INFO | __main__:train:122) - [4, 7] loss: 0.37169021368026733
2023-03-25 09:04:01 | INFO | __main__:train:122) - [4, 8] loss: 0.33471405506134033
2023-03-25 09:04:13 | INFO | __main__:train:122) - [4, 9] loss: 0.3775285482406616
2023-03-25 09:04:24 | INFO | __main__:train:122) - [4, 10] loss: 0.348810613155365
2023-03-25 09:04:34 | INFO | __main__:train:122) - [4, 11] loss: 0.3646814227104187
2023-03-25 09:05:03 | INFO | __main__:train:182) - Accuracy PE: 88 %
2023-03-25 09:05:03 | INFO | __main__:train:187) - F1 Score PE: 0.8870066158623405
2023-03-25 09:05:03 | INFO | __main__:train:84) - ---Epoch 5/5---
2023-03-25 09:05:15 | INFO | __main__:train:122) - [5, 1] loss: 0.3577611744403839
2023-03-25 09:05:25 | INFO | __main__:train:122) - [5, 2] loss: 0.36695972084999084
2023-03-25 09:05:35 | INFO | __main__:train:122) - [5, 3] loss: 0.3558982014656067
2023-03-25 09:05:46 | INFO | __main__:train:122) - [5, 4] loss: 0.36059874296188354
2023-03-25 09:05:56 | INFO | __main__:train:122) - [5, 5] loss: 0.32927098870277405
2023-03-25 09:06:07 | INFO | __main__:train:122) - [5, 6] loss: 0.3379831910133362
2023-03-25 09:06:17 | INFO | __main__:train:122) - [5, 7] loss: 0.358307808637619
2023-03-25 09:06:28 | INFO | __main__:train:122) - [5, 8] loss: 0.38226911425590515
2023-03-25 09:06:39 | INFO | __main__:train:122) - [5, 9] loss: 0.3702651560306549
2023-03-25 09:06:50 | INFO | __main__:train:122) - [5, 10] loss: 0.3388573229312897
2023-03-25 09:06:59 | INFO | __main__:train:122) - [5, 11] loss: 0.3795709013938904
2023-03-25 09:07:29 | INFO | __main__:train:182) - Accuracy PE: 92 %
2023-03-25 09:07:29 | INFO | __main__:train:187) - F1 Score PE: 0.9255198158737785
2023-03-25 09:07:29 | INFO | __main__:train:60) - Fold: 3
2023-03-25 09:07:29 | INFO | __main__:train:61) - ========
2023-03-25 09:07:29 | INFO | __main__:train:84) - ---Epoch 1/5---
2023-03-25 09:07:40 | INFO | __main__:train:122) - [1, 1] loss: 0.3494594991207123
2023-03-25 09:07:54 | INFO | __main__:train:122) - [1, 2] loss: 0.35577064752578735
2023-03-25 09:08:06 | INFO | __main__:train:122) - [1, 3] loss: 0.3526872992515564
2023-03-25 09:08:17 | INFO | __main__:train:122) - [1, 4] loss: 0.35074883699417114
2023-03-25 09:08:27 | INFO | __main__:train:122) - [1, 5] loss: 0.3760027289390564
2023-03-25 09:08:38 | INFO | __main__:train:122) - [1, 6] loss: 0.3818559944629669
2023-03-25 09:08:48 | INFO | __main__:train:122) - [1, 7] loss: 0.36592236161231995
2023-03-25 09:08:58 | INFO | __main__:train:122) - [1, 8] loss: 0.33635953068733215
2023-03-25 09:09:09 | INFO | __main__:train:122) - [1, 9] loss: 0.36690789461135864
2023-03-25 09:09:19 | INFO | __main__:train:122) - [1, 10] loss: 0.3774777352809906
2023-03-25 09:09:29 | INFO | __main__:train:122) - [1, 11] loss: 0.3412696421146393
2023-03-25 09:10:01 | INFO | __main__:train:182) - Accuracy PE: 95 %
2023-03-25 09:10:01 | INFO | __main__:train:187) - F1 Score PE: 0.9597581239186667
2023-03-25 09:10:01 | INFO | __main__:train:84) - ---Epoch 2/5---
2023-03-25 09:10:12 | INFO | __main__:train:122) - [2, 1] loss: 0.34508901834487915
2023-03-25 09:10:22 | INFO | __main__:train:122) - [2, 2] loss: 0.34844017028808594
2023-03-25 09:10:35 | INFO | __main__:train:122) - [2, 3] loss: 0.36849191784858704
2023-03-25 09:10:48 | INFO | __main__:train:122) - [2, 4] loss: 0.3673710227012634
2023-03-25 09:10:59 | INFO | __main__:train:122) - [2, 5] loss: 0.3570249676704407
2023-03-25 09:11:12 | INFO | __main__:train:122) - [2, 6] loss: 0.36284002661705017
2023-03-25 09:11:23 | INFO | __main__:train:122) - [2, 7] loss: 0.3487130403518677
2023-03-25 09:11:36 | INFO | __main__:train:122) - [2, 8] loss: 0.36445820331573486
2023-03-25 09:11:47 | INFO | __main__:train:122) - [2, 9] loss: 0.34907102584838867
2023-03-25 09:11:57 | INFO | __main__:train:122) - [2, 10] loss: 0.4076867401599884
2023-03-25 09:12:06 | INFO | __main__:train:122) - [2, 11] loss: 0.3913826644420624
2023-03-25 09:12:35 | INFO | __main__:train:182) - Accuracy PE: 93 %
2023-03-25 09:12:35 | INFO | __main__:train:187) - F1 Score PE: 0.9365120570960355
2023-03-25 09:12:35 | INFO | __main__:train:84) - ---Epoch 3/5---
2023-03-25 09:12:45 | INFO | __main__:train:122) - [3, 1] loss: 0.3418135643005371
2023-03-25 09:12:53 | INFO | __main__:train:122) - [3, 2] loss: 0.3575300872325897
2023-03-25 09:13:03 | INFO | __main__:train:122) - [3, 3] loss: 0.3506985902786255
2023-03-25 09:13:13 | INFO | __main__:train:122) - [3, 4] loss: 0.3584365248680115
2023-03-25 09:13:22 | INFO | __main__:train:122) - [3, 5] loss: 0.36537930369377136
2023-03-25 09:13:33 | INFO | __main__:train:122) - [3, 6] loss: 0.3587082326412201
2023-03-25 09:13:43 | INFO | __main__:train:122) - [3, 7] loss: 0.35911625623703003
2023-03-25 09:13:51 | INFO | __main__:train:122) - [3, 8] loss: 0.3556345999240875
2023-03-25 09:14:01 | INFO | __main__:train:122) - [3, 9] loss: 0.3646334111690521
2023-03-25 09:14:12 | INFO | __main__:train:122) - [3, 10] loss: 0.3780396282672882
2023-03-25 09:14:21 | INFO | __main__:train:122) - [3, 11] loss: 0.37901636958122253
2023-03-25 09:14:52 | INFO | __main__:train:182) - Accuracy PE: 93 %
2023-03-25 09:14:52 | INFO | __main__:train:187) - F1 Score PE: 0.9367962261643744
2023-03-25 09:14:52 | INFO | __main__:train:84) - ---Epoch 4/5---
2023-03-25 09:15:02 | INFO | __main__:train:122) - [4, 1] loss: 0.37320855259895325
2023-03-25 09:15:12 | INFO | __main__:train:122) - [4, 2] loss: 0.36182552576065063
2023-03-25 09:15:23 | INFO | __main__:train:122) - [4, 3] loss: 0.36594530940055847
2023-03-25 09:15:33 | INFO | __main__:train:122) - [4, 4] loss: 0.3949974477291107
2023-03-25 09:15:44 | INFO | __main__:train:122) - [4, 5] loss: 0.3449054956436157
2023-03-25 09:15:55 | INFO | __main__:train:122) - [4, 6] loss: 0.336153507232666
2023-03-25 09:16:05 | INFO | __main__:train:122) - [4, 7] loss: 0.37118932604789734
2023-03-25 09:16:16 | INFO | __main__:train:122) - [4, 8] loss: 0.3724413812160492
2023-03-25 09:16:26 | INFO | __main__:train:122) - [4, 9] loss: 0.3562527894973755
2023-03-25 09:16:37 | INFO | __main__:train:122) - [4, 10] loss: 0.3434492349624634
2023-03-25 09:16:48 | INFO | __main__:train:122) - [4, 11] loss: 0.36200037598609924
2023-03-25 09:17:17 | INFO | __main__:train:182) - Accuracy PE: 89 %
2023-03-25 09:17:17 | INFO | __main__:train:187) - F1 Score PE: 0.8922298199863448
2023-03-25 09:17:17 | INFO | __main__:train:84) - ---Epoch 5/5---
2023-03-25 09:17:27 | INFO | __main__:train:122) - [5, 1] loss: 0.3627575635910034
2023-03-25 09:17:39 | INFO | __main__:train:122) - [5, 2] loss: 0.3457626700401306
2023-03-25 09:17:50 | INFO | __main__:train:122) - [5, 3] loss: 0.35720381140708923
2023-03-25 09:18:01 | INFO | __main__:train:122) - [5, 4] loss: 0.3405202031135559
2023-03-25 09:18:12 | INFO | __main__:train:122) - [5, 5] loss: 0.34085097908973694
2023-03-25 09:18:23 | INFO | __main__:train:122) - [5, 6] loss: 0.37928712368011475
2023-03-25 09:18:34 | INFO | __main__:train:122) - [5, 7] loss: 0.3331089913845062
2023-03-25 09:18:42 | INFO | __main__:train:122) - [5, 8] loss: 0.3486739695072174
2023-03-25 09:18:53 | INFO | __main__:train:122) - [5, 9] loss: 0.34831854701042175
2023-03-25 09:19:04 | INFO | __main__:train:122) - [5, 10] loss: 0.3456164598464966
2023-03-25 09:19:13 | INFO | __main__:train:122) - [5, 11] loss: 0.3632909059524536
2023-03-25 09:19:39 | INFO | __main__:train:182) - Accuracy PE: 90 %
2023-03-25 09:19:39 | INFO | __main__:train:187) - F1 Score PE: 0.9023376208721037
2023-03-25 09:19:39 | INFO | __main__:train:60) - Fold: 4
2023-03-25 09:19:39 | INFO | __main__:train:61) - ========
2023-03-25 09:19:39 | INFO | __main__:train:84) - ---Epoch 1/5---
2023-03-25 09:19:50 | INFO | __main__:train:122) - [1, 1] loss: 0.35122042894363403
2023-03-25 09:20:00 | INFO | __main__:train:122) - [1, 2] loss: 0.3570639193058014
2023-03-25 09:20:11 | INFO | __main__:train:122) - [1, 3] loss: 0.3593612611293793
2023-03-25 09:20:21 | INFO | __main__:train:122) - [1, 4] loss: 0.3625941872596741
2023-03-25 09:20:31 | INFO | __main__:train:122) - [1, 5] loss: 0.3472847044467926
2023-03-25 09:20:43 | INFO | __main__:train:122) - [1, 6] loss: 0.3534051775932312
2023-03-25 09:20:53 | INFO | __main__:train:122) - [1, 7] loss: 0.35197585821151733
2023-03-25 09:21:03 | INFO | __main__:train:122) - [1, 8] loss: 0.3788805305957794
2023-03-25 09:21:13 | INFO | __main__:train:122) - [1, 9] loss: 0.35829341411590576
2023-03-25 09:21:25 | INFO | __main__:train:122) - [1, 10] loss: 0.36481836438179016
2023-03-25 09:21:34 | INFO | __main__:train:122) - [1, 11] loss: 0.36536121368408203
2023-03-25 09:21:59 | INFO | __main__:train:182) - Accuracy PE: 93 %
2023-03-25 09:21:59 | INFO | __main__:train:187) - F1 Score PE: 0.9393204239562247
2023-03-25 09:21:59 | INFO | __main__:train:84) - ---Epoch 2/5---
2023-03-25 09:22:09 | INFO | __main__:train:122) - [2, 1] loss: 0.3591919541358948
2023-03-25 09:22:21 | INFO | __main__:train:122) - [2, 2] loss: 0.3251766562461853
2023-03-25 09:22:32 | INFO | __main__:train:122) - [2, 3] loss: 0.358208030462265
2023-03-25 09:22:42 | INFO | __main__:train:122) - [2, 4] loss: 0.34112033247947693
2023-03-25 09:22:54 | INFO | __main__:train:122) - [2, 5] loss: 0.35581719875335693
2023-03-25 09:23:09 | INFO | __main__:train:122) - [2, 6] loss: 0.3861736059188843
2023-03-25 09:23:20 | INFO | __main__:train:122) - [2, 7] loss: 0.33420294523239136
2023-03-25 09:23:31 | INFO | __main__:train:122) - [2, 8] loss: 0.34819895029067993
2023-03-25 09:23:42 | INFO | __main__:train:122) - [2, 9] loss: 0.3617567718029022
2023-03-25 09:23:55 | INFO | __main__:train:122) - [2, 10] loss: 0.35854241251945496
2023-03-25 09:24:06 | INFO | __main__:train:122) - [2, 11] loss: 0.3716631829738617
2023-03-25 09:24:36 | INFO | __main__:train:182) - Accuracy PE: 95 %
2023-03-25 09:24:36 | INFO | __main__:train:187) - F1 Score PE: 0.9597794166500566
2023-03-25 09:24:36 | INFO | __main__:train:84) - ---Epoch 3/5---
2023-03-25 09:24:46 | INFO | __main__:train:122) - [3, 1] loss: 0.32684171199798584
2023-03-25 09:24:56 | INFO | __main__:train:122) - [3, 2] loss: 0.36020591855049133
2023-03-25 09:25:06 | INFO | __main__:train:122) - [3, 3] loss: 0.34710046648979187
2023-03-25 09:25:17 | INFO | __main__:train:122) - [3, 4] loss: 0.340424120426178
2023-03-25 09:25:25 | INFO | __main__:train:122) - [3, 5] loss: 0.34322255849838257
2023-03-25 09:25:35 | INFO | __main__:train:122) - [3, 6] loss: 0.3399994969367981
2023-03-25 09:25:45 | INFO | __main__:train:122) - [3, 7] loss: 0.32992520928382874
2023-03-25 09:25:53 | INFO | __main__:train:122) - [3, 8] loss: 0.3586404025554657
2023-03-25 09:26:03 | INFO | __main__:train:122) - [3, 9] loss: 0.335511714220047
2023-03-25 09:26:13 | INFO | __main__:train:122) - [3, 10] loss: 0.32808738946914673
2023-03-25 09:26:20 | INFO | __main__:train:122) - [3, 11] loss: 0.36265698075294495
2023-03-25 09:26:48 | INFO | __main__:train:182) - Accuracy PE: 96 %
2023-03-25 09:26:48 | INFO | __main__:train:187) - F1 Score PE: 0.9684009981613567
2023-03-25 09:26:48 | INFO | __main__:train:84) - ---Epoch 4/5---
2023-03-25 09:26:58 | INFO | __main__:train:122) - [4, 1] loss: 0.32354527711868286
2023-03-25 09:27:08 | INFO | __main__:train:122) - [4, 2] loss: 0.3429279327392578
2023-03-25 09:27:19 | INFO | __main__:train:122) - [4, 3] loss: 0.331068217754364
2023-03-25 09:27:30 | INFO | __main__:train:122) - [4, 4] loss: 0.3803119659423828
2023-03-25 09:27:40 | INFO | __main__:train:122) - [4, 5] loss: 0.34333035349845886
2023-03-25 09:27:49 | INFO | __main__:train:122) - [4, 6] loss: 0.3468517065048218
2023-03-25 09:27:59 | INFO | __main__:train:122) - [4, 7] loss: 0.3417315185070038
2023-03-25 09:28:09 | INFO | __main__:train:122) - [4, 8] loss: 0.3380301892757416
2023-03-25 09:28:17 | INFO | __main__:train:122) - [4, 9] loss: 0.33261433243751526
2023-03-25 09:28:29 | INFO | __main__:train:122) - [4, 10] loss: 0.3323006331920624
2023-03-25 09:28:38 | INFO | __main__:train:122) - [4, 11] loss: 0.34188637137413025
2023-03-25 09:29:09 | INFO | __main__:train:182) - Accuracy PE: 93 %
2023-03-25 09:29:09 | INFO | __main__:train:187) - F1 Score PE: 0.930682606140822
2023-03-25 09:29:09 | INFO | __main__:train:84) - ---Epoch 5/5---
2023-03-25 09:29:21 | INFO | __main__:train:122) - [5, 1] loss: 0.3232822120189667
2023-03-25 09:29:31 | INFO | __main__:train:122) - [5, 2] loss: 0.31865519285202026
2023-03-25 09:29:41 | INFO | __main__:train:122) - [5, 3] loss: 0.33598679304122925
2023-03-25 09:29:52 | INFO | __main__:train:122) - [5, 4] loss: 0.314759761095047
2023-03-25 09:30:02 | INFO | __main__:train:122) - [5, 5] loss: 0.355960488319397
2023-03-25 09:30:13 | INFO | __main__:train:122) - [5, 6] loss: 0.3232147693634033
2023-03-25 09:30:24 | INFO | __main__:train:122) - [5, 7] loss: 0.33205702900886536
2023-03-25 09:30:33 | INFO | __main__:train:122) - [5, 8] loss: 0.3468509316444397
2023-03-25 09:30:47 | INFO | __main__:train:122) - [5, 9] loss: 0.3388112187385559
2023-03-25 09:30:58 | INFO | __main__:train:122) - [5, 10] loss: 0.33071789145469666
2023-03-25 09:31:07 | INFO | __main__:train:122) - [5, 11] loss: 0.33933475613594055
2023-03-25 09:31:37 | INFO | __main__:train:182) - Accuracy PE: 95 %
2023-03-25 09:31:37 | INFO | __main__:train:187) - F1 Score PE: 0.9568762035751626
2023-03-25 09:31:37 | INFO | __main__:train:214) - Training Stats:
    accuracy  f1_score
0  57.535817  0.453929
1  90.544413  0.905108
2  90.429799  0.903524
3  92.586207  0.925527
4  95.114943  0.951012
2023-03-25 09:31:37 | INFO | __main__:train:216) - Finished Training
